#
# There is insufficient memory for the Java Runtime Environment to continue.
# Native memory allocation (malloc) failed to allocate 186646528 bytes for committing reserved memory.
# Possible reasons:
#   The system is out of physical RAM or swap space
#   In 32 bit mode, the process size limit was hit
# Possible solutions:
#   Reduce memory load on the system
#   Increase physical memory or swap space
#   Check if swap backing store is full
#   Use 64 bit Java on a 64 bit OS
#   Decrease Java heap size (-Xmx/-Xms)
#   Decrease number of Java threads
#   Decrease Java thread stack sizes (-Xss)
#   Set larger code cache with -XX:ReservedCodeCacheSize=
# This output file may be truncated or incomplete.
#
#  Out of Memory Error (os_linux.cpp:2827), pid=23481, tid=140559530317568
#
# JRE version: OpenJDK Runtime Environment (7.0_91-b01) (build 1.7.0_91-b01)
# Java VM: OpenJDK 64-Bit Server VM (24.91-b01 mixed mode linux-amd64 compressed oops)
# Derivative: IcedTea 2.6.2
# Distribution: Custom build (Fri Oct 23 08:13:35 UTC 2015)
# Failed to write core dump. Core dumps have been disabled. To enable core dumping, try "ulimit -c unlimited" before starting Java again
#

---------------  T H R E A D  ---------------

Current thread (0x00007fd694075800):  VMThread [stack: 0x00007fd690cfd000,0x00007fd690dfe000] [id=23490]

Stack: [0x00007fd690cfd000,0x00007fd690dfe000],  sp=0x00007fd690dfc4f0,  free space=1021k
Native frames: (J=compiled Java code, j=interpreted, Vv=VM code, C=native code)
V  [libjvm.so+0x9945a1]
V  [libjvm.so+0x48a63f]
V  [libjvm.so+0x80107b]
V  [libjvm.so+0x7fb4ee]
V  [libjvm.so+0x87192b]
V  [libjvm.so+0x873273]
V  [libjvm.so+0x86f4f8]
V  [libjvm.so+0x86f7dc]
V  [libjvm.so+0x824993]
V  [libjvm.so+0x996042]
V  [libjvm.so+0x99ad87]
V  [libjvm.so+0x998618]
V  [libjvm.so+0x99998f]
V  [libjvm.so+0x999e81]
V  [libjvm.so+0x7fdfb2]

VM_Operation (0x00007fd69c9e74e0): ParallelGCFailedAllocation, mode: safepoint, requested by thread 0x00007fd69400a000


---------------  P R O C E S S  ---------------

Java Threads: ( => current thread )
  0x00007fd6940b0000 JavaThread "Service Thread" daemon [_thread_blocked, id=23496, stack(0x00007fd69067d000,0x00007fd69077e000)]
  0x00007fd6940ae000 JavaThread "C2 CompilerThread1" daemon [_thread_blocked, id=23495, stack(0x00007fd69077e000,0x00007fd69087f000)]
  0x00007fd6940ab000 JavaThread "C2 CompilerThread0" daemon [_thread_blocked, id=23494, stack(0x00007fd69087f000,0x00007fd690980000)]
  0x00007fd6940a9000 JavaThread "Signal Dispatcher" daemon [_thread_blocked, id=23493, stack(0x00007fd690980000,0x00007fd690a81000)]
  0x00007fd69407b800 JavaThread "Finalizer" daemon [_thread_blocked, id=23492, stack(0x00007fd690afb000,0x00007fd690bfc000)]
  0x00007fd694079800 JavaThread "Reference Handler" daemon [_thread_blocked, id=23491, stack(0x00007fd690bfc000,0x00007fd690cfd000)]
  0x00007fd69400a000 JavaThread "main" [_thread_blocked, id=23485, stack(0x00007fd69c8e8000,0x00007fd69c9e9000)]

Other Threads:
=>0x00007fd694075800 VMThread [stack: 0x00007fd690cfd000,0x00007fd690dfe000] [id=23490]
  0x00007fd6940bb000 WatcherThread [stack: 0x00007fd69057c000,0x00007fd69067d000] [id=23497]

VM state:at safepoint (normal execution)

VM Mutex/Monitor currently owned by a thread:  ([mutex/lock_event])
[0x00007fd694007990] Threads_lock - owner thread: 0x00007fd694075800
[0x00007fd694007e90] Heap_lock - owner thread: 0x00007fd69400a000

Heap
 PSYoungGen      total 134144K, used 5106K [0x00000000eaa80000, 0x00000000f3280000, 0x0000000100000000)
  eden space 129024K, 0% used [0x00000000eaa80000,0x00000000eaa80000,0x00000000f2880000)
  from space 5120K, 99% used [0x00000000f2880000,0x00000000f2d7cb18,0x00000000f2d80000)
  to   space 5120K, 0% used [0x00000000f2d80000,0x00000000f2d80000,0x00000000f3280000)
 ParOldGen       total 83968K, used 50787K [0x00000000c0000000, 0x00000000c5200000, 0x00000000eaa80000)
  object space 83968K, 60% used [0x00000000c0000000,0x00000000c3198f68,0x00000000c5200000)
 PSPermGen       total 21504K, used 5397K [0x00000000b5a00000, 0x00000000b6f00000, 0x00000000c0000000)
  object space 21504K, 25% used [0x00000000b5a00000,0x00000000b5f456e0,0x00000000b6f00000)

Card table byte_map: [0x00007fd6997f8000,0x00007fd699a4c000] byte_map_base: 0x00007fd69924b000

Polling page: 0x00007fd69ca34000

Code Cache  [0x00007fd691000000, 0x00007fd691270000, 0x00007fd694000000)
 total_blobs=685 nmethods=452 adapters=186 free_code_cache=47790Kb largest_free_block=48901184

Compilation events (10 events):
Event: 3,790 Thread 0x00007fd6940ab000  454             com.android.dx.io.instructions.ZeroRegisterDecodedInstruction::withIndex (29 bytes)
Event: 3,790 Thread 0x00007fd6940ae000  455             com.android.dx.io.instructions.ZeroRegisterDecodedInstruction::getRegisterCount (2 bytes)
Event: 3,791 Thread 0x00007fd6940ae000 nmethod 455 0x00007fd69114e9d0 code [0x00007fd69114eb00, 0x00007fd69114eb58]
Event: 3,791 Thread 0x00007fd6940ae000  456             com.android.dx.io.instructions.DecodedInstruction::getA (2 bytes)
Event: 3,791 Thread 0x00007fd6940ae000 nmethod 456 0x00007fd69114fc90 code [0x00007fd69114fdc0, 0x00007fd69114fe18]
Event: 3,793 Thread 0x00007fd6940ab000 nmethod 454 0x00007fd69114f610 code [0x00007fd69114f760, 0x00007fd69114f9d8]
Event: 3,871 Thread 0x00007fd6940ae000  457             com.android.dx.io.instructions.InstructionCodec$33::decode (99 bytes)
Event: 3,871 Thread 0x00007fd6940ab000  458             com.android.dx.io.instructions.InstructionCodec$33::encode (131 bytes)
Event: 3,901 Thread 0x00007fd6940ab000 nmethod 458 0x00007fd691154f90 code [0x00007fd691155140, 0x00007fd691155928]
Event: 3,912 Thread 0x00007fd6940ae000 nmethod 457 0x00007fd691156b50 code [0x00007fd691156d00, 0x00007fd691157768]

GC Heap History (9 events):
Event: 1,485 GC heap before
{Heap before GC invocations=1 (full 0):
 PSYoungGen      total 37376K, used 32256K [0x00000000eaa80000, 0x00000000ed400000, 0x0000000100000000)
  eden space 32256K, 100% used [0x00000000eaa80000,0x00000000eca00000,0x00000000eca00000)
  from space 5120K, 0% used [0x00000000ecf00000,0x00000000ecf00000,0x00000000ed400000)
  to   space 5120K, 0% used [0x00000000eca00000,0x00000000eca00000,0x00000000ecf00000)
 ParOldGen       total 83968K, used 0K [0x00000000c0000000, 0x00000000c5200000, 0x00000000eaa80000)
  object space 83968K, 0% used [0x00000000c0000000,0x00000000c0000000,0x00000000c5200000)
 PSPermGen       total 21504K, used 5303K [0x00000000b5a00000, 0x00000000b6f00000, 0x00000000c0000000)
  object space 21504K, 24% used [0x00000000b5a00000,0x00000000b5f2ddf0,0x00000000b6f00000)
Event: 1,522 GC heap after
Heap after GC invocations=1 (full 0):
 PSYoungGen      total 37376K, used 5114K [0x00000000eaa80000, 0x00000000ef380000, 0x0000000100000000)
  eden space 32256K, 0% used [0x00000000eaa80000,0x00000000eaa80000,0x00000000eca00000)
  from space 5120K, 99% used [0x00000000eca00000,0x00000000ecefeaa8,0x00000000ecf00000)
  to   space 5120K, 0% used [0x00000000eee80000,0x00000000eee80000,0x00000000ef380000)
 ParOldGen       total 83968K, used 4074K [0x00000000c0000000, 0x00000000c5200000, 0x00000000eaa80000)
  object space 83968K, 4% used [0x00000000c0000000,0x00000000c03fa958,0x00000000c5200000)
 PSPermGen       total 21504K, used 5303K [0x00000000b5a00000, 0x00000000b6f00000, 0x00000000c0000000)
  object space 21504K, 24% used [0x00000000b5a00000,0x00000000b5f2ddf0,0x00000000b6f00000)
}
Event: 2,002 GC heap before
{Heap before GC invocations=2 (full 0):
 PSYoungGen      total 37376K, used 37370K [0x00000000eaa80000, 0x00000000ef380000, 0x0000000100000000)
  eden space 32256K, 100% used [0x00000000eaa80000,0x00000000eca00000,0x00000000eca00000)
  from space 5120K, 99% used [0x00000000eca00000,0x00000000ecefeaa8,0x00000000ecf00000)
  to   space 5120K, 0% used [0x00000000eee80000,0x00000000eee80000,0x00000000ef380000)
 ParOldGen       total 83968K, used 4074K [0x00000000c0000000, 0x00000000c5200000, 0x00000000eaa80000)
  object space 83968K, 4% used [0x00000000c0000000,0x00000000c03fa958,0x00000000c5200000)
 PSPermGen       total 21504K, used 5355K [0x00000000b5a00000, 0x00000000b6f00000, 0x00000000c0000000)
  object space 21504K, 24% used [0x00000000b5a00000,0x00000000b5f3ad28,0x00000000b6f00000)
Event: 2,059 GC heap after
Heap after GC invocations=2 (full 0):
 PSYoungGen      total 69632K, used 5090K [0x00000000eaa80000, 0x00000000ef380000, 0x0000000100000000)
  eden space 64512K, 0% used [0x00000000eaa80000,0x00000000eaa80000,0x00000000ee980000)
  from space 5120K, 99% used [0x00000000eee80000,0x00000000ef378b28,0x00000000ef380000)
  to   space 5120K, 0% used [0x00000000ee980000,0x00000000ee980000,0x00000000eee80000)
 ParOldGen       total 83968K, used 6390K [0x00000000c0000000, 0x00000000c5200000, 0x00000000eaa80000)
  object space 83968K, 7% used [0x00000000c0000000,0x00000000c063da10,0x00000000c5200000)
 PSPermGen       total 21504K, used 5355K [0x00000000b5a00000, 0x00000000b6f00000, 0x00000000c0000000)
  object space 21504K, 24% used [0x00000000b5a00000,0x00000000b5f3ad28,0x00000000b6f00000)
}
Event: 2,665 GC heap before
{Heap before GC invocations=3 (full 0):
 PSYoungGen      total 69632K, used 69574K [0x00000000eaa80000, 0x00000000ef380000, 0x0000000100000000)
  eden space 64512K, 99% used [0x00000000eaa80000,0x00000000ee978e40,0x00000000ee980000)
  from space 5120K, 99% used [0x00000000eee80000,0x00000000ef378b28,0x00000000ef380000)
  to   space 5120K, 0% used [0x00000000ee980000,0x00000000ee980000,0x00000000eee80000)
 ParOldGen       total 83968K, used 6390K [0x00000000c0000000, 0x00000000c5200000, 0x00000000eaa80000)
  object space 83968K, 7% used [0x00000000c0000000,0x00000000c063da10,0x00000000c5200000)
 PSPermGen       total 21504K, used 5382K [0x00000000b5a00000, 0x00000000b6f00000, 0x00000000c0000000)
  object space 21504K, 25% used [0x00000000b5a00000,0x00000000b5f41998,0x00000000b6f00000)
Event: 2,675 GC heap after
Heap after GC invocations=3 (full 0):
 PSYoungGen      total 69632K, used 5058K [0x00000000eaa80000, 0x00000000f3280000, 0x0000000100000000)
  eden space 64512K, 0% used [0x00000000eaa80000,0x00000000eaa80000,0x00000000ee980000)
  from space 5120K, 98% used [0x00000000ee980000,0x00000000eee70b28,0x00000000eee80000)
  to   space 5120K, 0% used [0x00000000f2d80000,0x00000000f2d80000,0x00000000f3280000)
 ParOldGen       total 83968K, used 11392K [0x00000000c0000000, 0x00000000c5200000, 0x00000000eaa80000)
  object space 83968K, 13% used [0x00000000c0000000,0x00000000c0b20060,0x00000000c5200000)
 PSPermGen       total 21504K, used 5382K [0x00000000b5a00000, 0x00000000b6f00000, 0x00000000c0000000)
  object space 21504K, 25% used [0x00000000b5a00000,0x00000000b5f41998,0x00000000b6f00000)
}
Event: 3,178 GC heap before
{Heap before GC invocations=4 (full 0):
 PSYoungGen      total 69632K, used 69570K [0x00000000eaa80000, 0x00000000f3280000, 0x0000000100000000)
  eden space 64512K, 100% used [0x00000000eaa80000,0x00000000ee980000,0x00000000ee980000)
  from space 5120K, 98% used [0x00000000ee980000,0x00000000eee70b28,0x00000000eee80000)
  to   space 5120K, 0% used [0x00000000f2d80000,0x00000000f2d80000,0x00000000f3280000)
 ParOldGen       total 83968K, used 11392K [0x00000000c0000000, 0x00000000c5200000, 0x00000000eaa80000)
  object space 83968K, 13% used [0x00000000c0000000,0x00000000c0b20060,0x00000000c5200000)
 PSPermGen       total 21504K, used 5388K [0x00000000b5a00000, 0x00000000b6f00000, 0x00000000c0000000)
  object space 21504K, 25% used [0x00000000b5a00000,0x00000000b5f43220,0x00000000b6f00000)
Event: 3,241 GC heap after
Heap after GC invocations=4 (full 0):
 PSYoungGen      total 134144K, used 5096K [0x00000000eaa80000, 0x00000000f3280000, 0x0000000100000000)
  eden space 129024K, 0% used [0x00000000eaa80000,0x00000000eaa80000,0x00000000f2880000)
  from space 5120K, 99% used [0x00000000f2d80000,0x00000000f327a370,0x00000000f3280000)
  to   space 5120K, 0% used [0x00000000f2880000,0x00000000f2880000,0x00000000f2d80000)
 ParOldGen       total 83968K, used 24820K [0x00000000c0000000, 0x00000000c5200000, 0x00000000eaa80000)
  object space 83968K, 29% used [0x00000000c0000000,0x00000000c183d3b0,0x00000000c5200000)
 PSPermGen       total 21504K, used 5388K [0x00000000b5a00000, 0x00000000b6f00000, 0x00000000c0000000)
  object space 21504K, 25% used [0x00000000b5a00000,0x00000000b5f43220,0x00000000b6f00000)
}
Event: 3,984 GC heap before
{Heap before GC invocations=5 (full 0):
 PSYoungGen      total 134144K, used 134120K [0x00000000eaa80000, 0x00000000f3280000, 0x0000000100000000)
  eden space 129024K, 100% used [0x00000000eaa80000,0x00000000f2880000,0x00000000f2880000)
  from space 5120K, 99% used [0x00000000f2d80000,0x00000000f327a370,0x00000000f3280000)
  to   space 5120K, 0% used [0x00000000f2880000,0x00000000f2880000,0x00000000f2d80000)
 ParOldGen       total 83968K, used 24820K [0x00000000c0000000, 0x00000000c5200000, 0x00000000eaa80000)
  object space 83968K, 29% used [0x00000000c0000000,0x00000000c183d3b0,0x00000000c5200000)
 PSPermGen       total 21504K, used 5397K [0x00000000b5a00000, 0x00000000b6f00000, 0x00000000c0000000)
  object space 21504K, 25% used [0x00000000b5a00000,0x00000000b5f456e0,0x00000000b6f00000)

Deoptimization events (10 events):
Event: 2,903 Thread 0x00007fd69400a000 Uncommon trap: reason=unstable_if action=reinterpret pc=0x00007fd69111b98c method=com.android.dex.Mutf8.countBytes(Ljava/lang/String;Z)J @ 50
Event: 2,920 Thread 0x00007fd69400a000 Uncommon trap: reason=unstable_if action=reinterpret pc=0x00007fd69111f9ec method=com.android.dex.Mutf8.countBytes(Ljava/lang/String;Z)J @ 50
Event: 2,920 Thread 0x00007fd69400a000 Uncommon trap: reason=unstable_if action=reinterpret pc=0x00007fd69111d1d4 method=com.android.dex.Mutf8.countBytes(Ljava/lang/String;Z)J @ 50
Event: 3,043 Thread 0x00007fd69400a000 Uncommon trap: reason=array_check action=maybe_recompile pc=0x00007fd6910fda78 method=java.util.ComparableTimSort.binarySort([Ljava/lang/Object;III)V @ 193
Event: 3,044 Thread 0x00007fd69400a000 Uncommon trap: reason=unstable_if action=reinterpret pc=0x00007fd69108a248 method=com.android.dex.Mutf8.countBytes(Ljava/lang/String;Z)J @ 28
Event: 3,047 Thread 0x00007fd69400a000 Uncommon trap: reason=unstable_if action=reinterpret pc=0x00007fd69108949c method=com.android.dex.Mutf8.encode([BILjava/lang/String;)V @ 24
Event: 3,509 Thread 0x00007fd69400a000 Uncommon trap: reason=array_check action=maybe_recompile pc=0x00007fd6910fda78 method=java.util.ComparableTimSort.binarySort([Ljava/lang/Object;III)V @ 193
Event: 3,545 Thread 0x00007fd69400a000 Uncommon trap: reason=null_check action=make_not_entrant pc=0x00007fd69114271c method=com.android.dx.io.instructions.AddressMap.get(I)I @ 11
Event: 3,546 Thread 0x00007fd69400a000 Uncommon trap: reason=null_check action=make_not_entrant pc=0x00007fd69113d5e8 method=com.android.dx.io.instructions.AddressMap.get(I)I @ 11
Event: 3,958 Thread 0x00007fd69400a000 Uncommon trap: reason=array_check action=maybe_recompile pc=0x00007fd6911523e0 method=java.util.ComparableTimSort.binarySort([Ljava/lang/Object;III)V @ 215

Internal exceptions (10 events):
Event: 0,580 Thread 0x00007fd69400a000 Threw 0x00000000ebc3bc48 at /build/java7-openjdk/src/icedtea-2.6.2/openjdk/hotspot/src/share/vm/prims/jvm.cpp:1322
Event: 0,707 Thread 0x00007fd69400a000 Threw 0x00000000ebcd83e8 at /build/java7-openjdk/src/icedtea-2.6.2/openjdk/hotspot/src/share/vm/prims/jvm.cpp:1322
Event: 0,707 Thread 0x00007fd69400a000 Threw 0x00000000ebcd8510 at /build/java7-openjdk/src/icedtea-2.6.2/openjdk/hotspot/src/share/vm/prims/jvm.cpp:1322
Event: 0,708 Thread 0x00007fd69400a000 Threw 0x00000000ebcda958 at /build/java7-openjdk/src/icedtea-2.6.2/openjdk/hotspot/src/share/vm/prims/jvm.cpp:1322
Event: 0,708 Thread 0x00007fd69400a000 Threw 0x00000000ebcdaa80 at /build/java7-openjdk/src/icedtea-2.6.2/openjdk/hotspot/src/share/vm/prims/jvm.cpp:1322
Event: 0,708 Thread 0x00007fd69400a000 Threw 0x00000000ebcdb408 at /build/java7-openjdk/src/icedtea-2.6.2/openjdk/hotspot/src/share/vm/prims/jvm.cpp:1322
Event: 0,708 Thread 0x00007fd69400a000 Threw 0x00000000ebcdb530 at /build/java7-openjdk/src/icedtea-2.6.2/openjdk/hotspot/src/share/vm/prims/jvm.cpp:1322
Event: 1,668 Thread 0x00007fd69400a000 Threw 0x00000000eaf217b0 at /build/java7-openjdk/src/icedtea-2.6.2/openjdk/hotspot/src/share/vm/prims/jvm.cpp:1322
Event: 3,545 Thread 0x00007fd69400a000 Implicit null exception at 0x00007fd691141dac to 0x00007fd69114270d
Event: 3,546 Thread 0x00007fd69400a000 Implicit null exception at 0x00007fd69113cf0c to 0x00007fd69113d5c5

Events (10 events):
Event: 3,545 Thread 0x00007fd69400a000 Uncommon trap: trap_request=0xfffffff4 fr.pc=0x00007fd69114271c
Event: 3,545 Thread 0x00007fd69400a000 DEOPT PACKING pc=0x00007fd69114271c sp=0x00007fd69c9e74b0
Event: 3,545 Thread 0x00007fd69400a000 DEOPT UNPACKING pc=0x00007fd691039445 sp=0x00007fd69c9e73b0 mode 2
Event: 3,546 Thread 0x00007fd69400a000 Uncommon trap: trap_request=0xfffffff4 fr.pc=0x00007fd69113d5e8
Event: 3,546 Thread 0x00007fd69400a000 DEOPT PACKING pc=0x00007fd69113d5e8 sp=0x00007fd69c9e74c0
Event: 3,546 Thread 0x00007fd69400a000 DEOPT UNPACKING pc=0x00007fd691039445 sp=0x00007fd69c9e7398 mode 2
Event: 3,958 Thread 0x00007fd69400a000 Uncommon trap: trap_request=0xffffffd6 fr.pc=0x00007fd6911523e0
Event: 3,958 Thread 0x00007fd69400a000 DEOPT PACKING pc=0x00007fd6911523e0 sp=0x00007fd69c9e74a0
Event: 3,958 Thread 0x00007fd69400a000 DEOPT UNPACKING pc=0x00007fd691039445 sp=0x00007fd69c9e7478 mode 2
Event: 3,984 Executing VM operation: ParallelGCFailedAllocation


Dynamic libraries:
00400000-00401000 r-xp 00000000 08:06 808276                             /usr/lib/jvm/java-7-openjdk/jre/bin/java
00600000-00601000 rw-p 00000000 08:06 808276                             /usr/lib/jvm/java-7-openjdk/jre/bin/java
01691000-016b2000 rw-p 00000000 00:00 0                                  [heap]
b5a00000-b6f00000 rw-p 00000000 00:00 0 
b6f00000-c0000000 rw-p 00000000 00:00 0 
c0000000-c5200000 rw-p 00000000 00:00 0 
c5200000-eaa80000 rw-p 00000000 00:00 0 
eaa80000-f3280000 rw-p 00000000 00:00 0 
fe480000-100000000 rw-p 00000000 00:00 0 
7fd654000000-7fd654021000 rw-p 00000000 00:00 0 
7fd654021000-7fd658000000 ---p 00000000 00:00 0 
7fd65c000000-7fd65c69d000 rw-p 00000000 00:00 0 
7fd65c69d000-7fd660000000 ---p 00000000 00:00 0 
7fd660000000-7fd660021000 rw-p 00000000 00:00 0 
7fd660021000-7fd664000000 ---p 00000000 00:00 0 
7fd664000000-7fd664021000 rw-p 00000000 00:00 0 
7fd664021000-7fd668000000 ---p 00000000 00:00 0 
7fd668000000-7fd668664000 rw-p 00000000 00:00 0 
7fd668664000-7fd66c000000 ---p 00000000 00:00 0 
7fd66c000000-7fd66c021000 rw-p 00000000 00:00 0 
7fd66c021000-7fd670000000 ---p 00000000 00:00 0 
7fd670000000-7fd670021000 rw-p 00000000 00:00 0 
7fd670021000-7fd674000000 ---p 00000000 00:00 0 
7fd674000000-7fd674021000 rw-p 00000000 00:00 0 
7fd674021000-7fd678000000 ---p 00000000 00:00 0 
7fd678000000-7fd678030000 rw-p 00000000 00:00 0 
7fd678030000-7fd67c000000 ---p 00000000 00:00 0 
7fd67c000000-7fd67c021000 rw-p 00000000 00:00 0 
7fd67c021000-7fd680000000 ---p 00000000 00:00 0 
7fd684000000-7fd684021000 rw-p 00000000 00:00 0 
7fd684021000-7fd688000000 ---p 00000000 00:00 0 
7fd68895d000-7fd6889cc000 r-xp 00000000 08:06 660327                     /usr/lib/libpcre.so.1.2.5
7fd6889cc000-7fd688bcb000 ---p 0006f000 08:06 660327                     /usr/lib/libpcre.so.1.2.5
7fd688bcb000-7fd688bcc000 r--p 0006e000 08:06 660327                     /usr/lib/libpcre.so.1.2.5
7fd688bcc000-7fd688bcd000 rw-p 0006f000 08:06 660327                     /usr/lib/libpcre.so.1.2.5
7fd688bcd000-7fd688bd5000 r-xp 00000000 08:06 689527                     /usr/lib/libffi.so.6.0.4
7fd688bd5000-7fd688dd4000 ---p 00008000 08:06 689527                     /usr/lib/libffi.so.6.0.4
7fd688dd4000-7fd688dd5000 r--p 00007000 08:06 689527                     /usr/lib/libffi.so.6.0.4
7fd688dd5000-7fd688dd6000 rw-p 00008000 08:06 689527                     /usr/lib/libffi.so.6.0.4
7fd688dd6000-7fd688dea000 r-xp 00000000 08:06 657582                     /usr/lib/libresolv-2.22.so
7fd688dea000-7fd688fe9000 ---p 00014000 08:06 657582                     /usr/lib/libresolv-2.22.so
7fd688fe9000-7fd688fea000 r--p 00013000 08:06 657582                     /usr/lib/libresolv-2.22.so
7fd688fea000-7fd688feb000 rw-p 00014000 08:06 657582                     /usr/lib/libresolv-2.22.so
7fd688feb000-7fd688fed000 rw-p 00000000 00:00 0 
7fd688fed000-7fd688ff0000 r-xp 00000000 08:06 678602                     /usr/lib/libgmodule-2.0.so.0.4600.1
7fd688ff0000-7fd6891ef000 ---p 00003000 08:06 678602                     /usr/lib/libgmodule-2.0.so.0.4600.1
7fd6891ef000-7fd6891f0000 r--p 00002000 08:06 678602                     /usr/lib/libgmodule-2.0.so.0.4600.1
7fd6891f0000-7fd6891f1000 rw-p 00003000 08:06 678602                     /usr/lib/libgmodule-2.0.so.0.4600.1
7fd6891f1000-7fd6892fd000 r-xp 00000000 08:06 678556                     /usr/lib/libglib-2.0.so.0.4600.1
7fd6892fd000-7fd6894fc000 ---p 0010c000 08:06 678556                     /usr/lib/libglib-2.0.so.0.4600.1
7fd6894fc000-7fd6894fd000 r--p 0010b000 08:06 678556                     /usr/lib/libglib-2.0.so.0.4600.1
7fd6894fd000-7fd6894fe000 rw-p 0010c000 08:06 678556                     /usr/lib/libglib-2.0.so.0.4600.1
7fd6894fe000-7fd6894ff000 rw-p 00000000 00:00 0 
7fd6894ff000-7fd689550000 r-xp 00000000 08:06 678605                     /usr/lib/libgobject-2.0.so.0.4600.1
7fd689550000-7fd68974f000 ---p 00051000 08:06 678605                     /usr/lib/libgobject-2.0.so.0.4600.1
7fd68974f000-7fd689750000 r--p 00050000 08:06 678605                     /usr/lib/libgobject-2.0.so.0.4600.1
7fd689750000-7fd689751000 rw-p 00051000 08:06 678605                     /usr/lib/libgobject-2.0.so.0.4600.1
7fd689751000-7fd6898c9000 r-xp 00000000 08:06 678606                     /usr/lib/libgio-2.0.so.0.4600.1
7fd6898c9000-7fd689ac8000 ---p 00178000 08:06 678606                     /usr/lib/libgio-2.0.so.0.4600.1
7fd689ac8000-7fd689acc000 r--p 00177000 08:06 678606                     /usr/lib/libgio-2.0.so.0.4600.1
7fd689acc000-7fd689ace000 rw-p 0017b000 08:06 678606                     /usr/lib/libgio-2.0.so.0.4600.1
7fd689ace000-7fd68c000000 rw-p 00000000 00:00 0 
7fd68c000000-7fd68c021000 rw-p 00000000 00:00 0 
7fd68c021000-7fd690000000 ---p 00000000 00:00 0 
7fd6900da000-7fd69010b000 rw-p 00000000 00:00 0 
7fd69012e000-7fd690153000 r--p 00000000 08:06 656048                     /usr/share/locale/cs/LC_MESSAGES/libc.mo
7fd690153000-7fd69016a000 r-xp 00000000 08:06 805842                     /usr/lib/jvm/java-7-openjdk/jre/lib/amd64/libnet.so
7fd69016a000-7fd69036a000 ---p 00017000 08:06 805842                     /usr/lib/jvm/java-7-openjdk/jre/lib/amd64/libnet.so
7fd69036a000-7fd69036b000 rw-p 00017000 08:06 805842                     /usr/lib/jvm/java-7-openjdk/jre/lib/amd64/libnet.so
7fd69036b000-7fd69037b000 r-xp 00000000 08:06 805843                     /usr/lib/jvm/java-7-openjdk/jre/lib/amd64/libnio.so
7fd69037b000-7fd69057b000 ---p 00010000 08:06 805843                     /usr/lib/jvm/java-7-openjdk/jre/lib/amd64/libnio.so
7fd69057b000-7fd69057c000 rw-p 00010000 08:06 805843                     /usr/lib/jvm/java-7-openjdk/jre/lib/amd64/libnio.so
7fd69057c000-7fd69057d000 ---p 00000000 00:00 0 
7fd69057d000-7fd69067d000 rw-p 00000000 00:00 0                          [stack:23497]
7fd69067d000-7fd690680000 ---p 00000000 00:00 0 
7fd690680000-7fd69077e000 rw-p 00000000 00:00 0                          [stack:23496]
7fd69077e000-7fd690781000 ---p 00000000 00:00 0 
7fd690781000-7fd69087f000 rw-p 00000000 00:00 0                          [stack:23495]
7fd69087f000-7fd690882000 ---p 00000000 00:00 0 
7fd690882000-7fd690980000 rw-p 00000000 00:00 0                          [stack:23494]
7fd690980000-7fd690983000 ---p 00000000 00:00 0 
7fd690983000-7fd690a81000 rw-p 00000000 00:00 0                          [stack:23493]
7fd690a81000-7fd690afb000 r--p 00000000 08:06 684767                     /usr/lib/locale/locale-archive
7fd690afb000-7fd690afe000 ---p 00000000 00:00 0 
7fd690afe000-7fd690bfc000 rw-p 00000000 00:00 0                          [stack:23492]
7fd690bfc000-7fd690bff000 ---p 00000000 00:00 0 
7fd690bff000-7fd690cfd000 rw-p 00000000 00:00 0                          [stack:23491]
7fd690cfd000-7fd690cfe000 ---p 00000000 00:00 0 
7fd690cfe000-7fd691000000 rw-p 00000000 00:00 0                          [stack:23490]
7fd691000000-7fd691270000 rwxp 00000000 00:00 0 
7fd691270000-7fd6941c8000 rw-p 00000000 00:00 0 
7fd6941c8000-7fd698000000 ---p 00000000 00:00 0 
7fd69800f000-7fd698dc8000 rw-p 00000000 00:00 0 
7fd698dc8000-7fd698f7a000 r--s 01d2e000 08:06 803920                     /usr/lib/jvm/java-7-openjdk/jre/lib/rt.jar
7fd698f7a000-7fd69929e000 rw-p 00000000 00:00 0 
7fd69929e000-7fd69929f000 ---p 00000000 00:00 0 
7fd69929f000-7fd69939f000 rw-p 00000000 00:00 0                          [stack:23489]
7fd69939f000-7fd6993a0000 ---p 00000000 00:00 0 
7fd6993a0000-7fd6994a0000 rw-p 00000000 00:00 0                          [stack:23488]
7fd6994a0000-7fd6994a1000 ---p 00000000 00:00 0 
7fd6994a1000-7fd6995a1000 rw-p 00000000 00:00 0                          [stack:23487]
7fd6995a1000-7fd6995a2000 ---p 00000000 00:00 0 
7fd6995a2000-7fd6996cb000 rw-p 00000000 00:00 0                          [stack:23486]
7fd6996cb000-7fd6997f8000 rw-p 00000000 00:00 0 
7fd6997f8000-7fd699803000 rw-p 00000000 00:00 0 
7fd699803000-7fd69984b000 rw-p 00000000 00:00 0 
7fd69984b000-7fd699874000 rw-p 00000000 00:00 0 
7fd699874000-7fd6999a0000 rw-p 00000000 00:00 0 
7fd6999a0000-7fd6999e5000 rw-p 00000000 00:00 0 
7fd6999e5000-7fd699a4b000 rw-p 00000000 00:00 0 
7fd699a4b000-7fd699a56000 rw-p 00000000 00:00 0 
7fd699a56000-7fd699b0c000 rw-p 00000000 00:00 0 
7fd699b0c000-7fd699b14000 r-xp 00000000 08:06 804593                     /usr/lib/jvm/java-7-openjdk/jre/lib/amd64/libzip.so
7fd699b14000-7fd699d13000 ---p 00008000 08:06 804593                     /usr/lib/jvm/java-7-openjdk/jre/lib/amd64/libzip.so
7fd699d13000-7fd699d14000 rw-p 00007000 08:06 804593                     /usr/lib/jvm/java-7-openjdk/jre/lib/amd64/libzip.so
7fd699d14000-7fd699d1f000 r-xp 00000000 08:06 657575                     /usr/lib/libnss_files-2.22.so
7fd699d1f000-7fd699f1e000 ---p 0000b000 08:06 657575                     /usr/lib/libnss_files-2.22.so
7fd699f1e000-7fd699f1f000 r--p 0000a000 08:06 657575                     /usr/lib/libnss_files-2.22.so
7fd699f1f000-7fd699f20000 rw-p 0000b000 08:06 657575                     /usr/lib/libnss_files-2.22.so
7fd699f20000-7fd699f26000 rw-p 00000000 00:00 0 
7fd699f26000-7fd699f51000 r-xp 00000000 08:06 804592                     /usr/lib/jvm/java-7-openjdk/jre/lib/amd64/libjava.so
7fd699f51000-7fd69a151000 ---p 0002b000 08:06 804592                     /usr/lib/jvm/java-7-openjdk/jre/lib/amd64/libjava.so
7fd69a151000-7fd69a153000 rw-p 0002b000 08:06 804592                     /usr/lib/jvm/java-7-openjdk/jre/lib/amd64/libjava.so
7fd69a153000-7fd69a160000 r-xp 00000000 08:06 804584                     /usr/lib/jvm/java-7-openjdk/jre/lib/amd64/libverify.so
7fd69a160000-7fd69a35f000 ---p 0000d000 08:06 804584                     /usr/lib/jvm/java-7-openjdk/jre/lib/amd64/libverify.so
7fd69a35f000-7fd69a361000 rw-p 0000c000 08:06 804584                     /usr/lib/jvm/java-7-openjdk/jre/lib/amd64/libverify.so
7fd69a361000-7fd69a368000 r-xp 00000000 08:06 657583                     /usr/lib/librt-2.22.so
7fd69a368000-7fd69a567000 ---p 00007000 08:06 657583                     /usr/lib/librt-2.22.so
7fd69a567000-7fd69a568000 r--p 00006000 08:06 657583                     /usr/lib/librt-2.22.so
7fd69a568000-7fd69a569000 rw-p 00007000 08:06 657583                     /usr/lib/librt-2.22.so
7fd69a569000-7fd69a57f000 r-xp 00000000 08:06 660414                     /usr/lib/libgcc_s.so.1
7fd69a57f000-7fd69a77e000 ---p 00016000 08:06 660414                     /usr/lib/libgcc_s.so.1
7fd69a77e000-7fd69a77f000 rw-p 00015000 08:06 660414                     /usr/lib/libgcc_s.so.1
7fd69a77f000-7fd69a87c000 r-xp 00000000 08:06 657580                     /usr/lib/libm-2.22.so
7fd69a87c000-7fd69aa7b000 ---p 000fd000 08:06 657580                     /usr/lib/libm-2.22.so
7fd69aa7b000-7fd69aa7c000 r--p 000fc000 08:06 657580                     /usr/lib/libm-2.22.so
7fd69aa7c000-7fd69aa7d000 rw-p 000fd000 08:06 657580                     /usr/lib/libm-2.22.so
7fd69aa7d000-7fd69abef000 r-xp 00000000 08:06 676918                     /usr/lib/libstdc++.so.6.0.21
7fd69abef000-7fd69adef000 ---p 00172000 08:06 676918                     /usr/lib/libstdc++.so.6.0.21
7fd69adef000-7fd69adf9000 r--p 00172000 08:06 676918                     /usr/lib/libstdc++.so.6.0.21
7fd69adf9000-7fd69adfb000 rw-p 0017c000 08:06 676918                     /usr/lib/libstdc++.so.6.0.21
7fd69adfb000-7fd69adff000 rw-p 00000000 00:00 0 
7fd69adff000-7fd69b94f000 r-xp 00000000 08:06 807787                     /usr/lib/jvm/java-7-openjdk/jre/lib/amd64/server/libjvm.so
7fd69b94f000-7fd69bb4e000 ---p 00b50000 08:06 807787                     /usr/lib/jvm/java-7-openjdk/jre/lib/amd64/server/libjvm.so
7fd69bb4e000-7fd69bc02000 rw-p 00b4f000 08:06 807787                     /usr/lib/jvm/java-7-openjdk/jre/lib/amd64/server/libjvm.so
7fd69bc02000-7fd69bc2d000 rw-p 00000000 00:00 0 
7fd69bc2d000-7fd69bc42000 r-xp 00000000 08:06 660480                     /usr/lib/libz.so.1.2.8
7fd69bc42000-7fd69be41000 ---p 00015000 08:06 660480                     /usr/lib/libz.so.1.2.8
7fd69be41000-7fd69be42000 r--p 00014000 08:06 660480                     /usr/lib/libz.so.1.2.8
7fd69be42000-7fd69be43000 rw-p 00015000 08:06 660480                     /usr/lib/libz.so.1.2.8
7fd69be43000-7fd69bfde000 r-xp 00000000 08:06 657529                     /usr/lib/libc-2.22.so
7fd69bfde000-7fd69c1dd000 ---p 0019b000 08:06 657529                     /usr/lib/libc-2.22.so
7fd69c1dd000-7fd69c1e1000 r--p 0019a000 08:06 657529                     /usr/lib/libc-2.22.so
7fd69c1e1000-7fd69c1e3000 rw-p 0019e000 08:06 657529                     /usr/lib/libc-2.22.so
7fd69c1e3000-7fd69c1e7000 rw-p 00000000 00:00 0 
7fd69c1e7000-7fd69c1ea000 r-xp 00000000 08:06 657579                     /usr/lib/libdl-2.22.so
7fd69c1ea000-7fd69c3e9000 ---p 00003000 08:06 657579                     /usr/lib/libdl-2.22.so
7fd69c3e9000-7fd69c3ea000 r--p 00002000 08:06 657579                     /usr/lib/libdl-2.22.so
7fd69c3ea000-7fd69c3eb000 rw-p 00003000 08:06 657579                     /usr/lib/libdl-2.22.so
7fd69c3eb000-7fd69c3f8000 r-xp 00000000 08:06 807686                     /usr/lib/jvm/java-7-openjdk/jre/lib/amd64/jli/libjli.so
7fd69c3f8000-7fd69c5f7000 ---p 0000d000 08:06 807686                     /usr/lib/jvm/java-7-openjdk/jre/lib/amd64/jli/libjli.so
7fd69c5f7000-7fd69c5f8000 rw-p 0000c000 08:06 807686                     /usr/lib/jvm/java-7-openjdk/jre/lib/amd64/jli/libjli.so
7fd69c5f8000-7fd69c610000 r-xp 00000000 08:06 657471                     /usr/lib/libpthread-2.22.so
7fd69c610000-7fd69c80f000 ---p 00018000 08:06 657471                     /usr/lib/libpthread-2.22.so
7fd69c80f000-7fd69c810000 r--p 00017000 08:06 657471                     /usr/lib/libpthread-2.22.so
7fd69c810000-7fd69c811000 rw-p 00018000 08:06 657471                     /usr/lib/libpthread-2.22.so
7fd69c811000-7fd69c815000 rw-p 00000000 00:00 0 
7fd69c815000-7fd69c837000 r-xp 00000000 08:06 657527                     /usr/lib/ld-2.22.so
7fd69c83c000-7fd69c83d000 rw-p 00000000 00:00 0 
7fd69c83d000-7fd69c84c000 r--s 000df000 08:06 1700815                    /opt/android-sdk/build-tools/23.0.1/lib/dx.jar
7fd69c84c000-7fd69c8a0000 rw-p 00000000 00:00 0 
7fd69c8a0000-7fd69c8e8000 rw-p 00000000 00:00 0 
7fd69c8e8000-7fd69c8eb000 ---p 00000000 00:00 0 
7fd69c8eb000-7fd69c9ed000 rw-p 00000000 00:00 0                          [stack:23485]
7fd69c9ed000-7fd69c9f2000 r--s 0004e000 08:06 803922                     /usr/lib/jvm/java-7-openjdk/jre/lib/jsse.jar
7fd69c9f2000-7fd69ca2b000 rw-p 00000000 00:00 0 
7fd69ca2b000-7fd69ca33000 rw-s 00000000 00:21 5942913                    /tmp/hsperfdata_gobbl3r/23481
7fd69ca33000-7fd69ca34000 rw-p 00000000 00:00 0 
7fd69ca34000-7fd69ca35000 ---p 00000000 00:00 0 
7fd69ca35000-7fd69ca36000 rw-p 00000000 00:00 0 
7fd69ca36000-7fd69ca37000 r--p 00021000 08:06 657527                     /usr/lib/ld-2.22.so
7fd69ca37000-7fd69ca38000 rw-p 00022000 08:06 657527                     /usr/lib/ld-2.22.so
7fd69ca38000-7fd69ca39000 rw-p 00000000 00:00 0 
7ffdc34d7000-7ffdc34f9000 rw-p 00000000 00:00 0                          [stack]
7ffdc3503000-7ffdc3505000 r--p 00000000 00:00 0                          [vvar]
7ffdc3505000-7ffdc3507000 r-xp 00000000 00:00 0                          [vdso]
ffffffffff600000-ffffffffff601000 r-xp 00000000 00:00 0                  [vsyscall]

VM Arguments:
jvm_args: -Djava.awt.headless=true -Xmx1024M -Dfile.encoding=UTF-8 -Duser.country=CZ -Duser.language=cs -Duser.variant 
java_command: com.android.dx.command.Main --dex --num-threads=4 --output /home/gobbl3r/AndroidstudioProjects/RemoteControlClient/app/build/intermediates/transforms/dex/debug/folders/1000/1f/main /home/gobbl3r/AndroidstudioProjects/RemoteControlClient/app/build/intermediates/pre-dexed/debug/support-annotations-23.1.1_a191f39ca41bd9735f8d3a9cc6638ec5404adeab.jar /home/gobbl3r/AndroidstudioProjects/RemoteControlClient/app/build/intermediates/pre-dexed/debug/me.grantland-autofittextview-0.2.1_6219abff54cc7ce4820f9fa30a5a3201595e52b7.jar /home/gobbl3r/AndroidstudioProjects/RemoteControlClient/app/build/intermediates/pre-dexed/debug/com.google.android.gms-play-services-base-8.4.0_4ef8f346a1f51bc592c7b9a65f08b6c6eab4010d.jar /home/gobbl3r/AndroidstudioProjects/RemoteControlClient/app/build/intermediates/pre-dexed/debug/com.journeyapps-zxing-android-embedded-3.2.0_d806d1dd584563eaac1751577d3837622f261c6d.jar /home/gobbl3r/AndroidstudioProjects/RemoteControlClient/app/build/intermediates/pre-dexed/debug/debug_6cfc7137c6eb02243a93ac01e1419e295be757fb.jar /home/gobbl3r/AndroidstudioProjects/RemoteControlClient/app/build/intermediates/pre-dexed/debug/gson-2.2.4_7cae028f68a099dfe0871c12c2709ab101513f23.jar /home/gobbl3r/AndroidstudioProjects/RemoteControlClient/app/build/intermediates/pre-dexed/debug/com.google.android.gms-play-services-maps-8.4.0_ac86eafafc3ba05ba3e865d891076c160a2d7251.jar /home/gobbl3r/AndroidstudioProjects/RemoteControlClient/app/build/intermediates/pre-dexed/debug/internal_impl-23.1.1_e75990e8123fc5ceef46f2fa4cc527e7ad94486a.jar /home/gobbl3r/AndroidstudioProjects/RemoteControlClient/app/build/intermediates/pre-dexed/debug/com.android.support-design-23.1.1_b511906001ed7ee9d478d70e522d0eb31b12992b.jar /home/gobbl3r/AndroidstudioProjects/RemoteControlClient/app/build/intermediates/pre-dexed/debug/com.android.support-recyclerview-v7-23.1.1_4b0fb025954b7623d527e5fdbd87d515c7ba7eca.jar /home/gobbl3r/AndroidstudioProjects/RemoteControlClient/app/build/intermedi
Launcher Type: SUN_STANDARD

Environment Variables:
PATH=/home/gobbl3r/.phpenv/bin:/usr/local/sbin:/usr/local/bin:/usr/bin:/opt/android-ndk:/opt/android-sdk/build-tools/19.0.3/:/opt/android-sdk/platform-tools:/opt/android-sdk/tools:/usr/lib/jvm/default/bin:/usr/bin/site_perl:/usr/bin/vendor_perl:/usr/bin/core_perl
LD_LIBRARY_PATH=/opt/android-studio/bin:
SHELL=/bin/bash
DISPLAY=:0

Signal Handlers:
SIGSEGV: [libjvm.so+0x995100], sa_mask[0]=0x7ffbfeff, sa_flags=0x10000004
SIGBUS: [libjvm.so+0x995100], sa_mask[0]=0x7ffbfeff, sa_flags=0x10000004
SIGFPE: [libjvm.so+0x7fc350], sa_mask[0]=0x7ffbfeff, sa_flags=0x10000004
SIGPIPE: [libjvm.so+0x7fc350], sa_mask[0]=0x7ffbfeff, sa_flags=0x10000004
SIGXFSZ: [libjvm.so+0x7fc350], sa_mask[0]=0x7ffbfeff, sa_flags=0x10000004
SIGILL: [libjvm.so+0x7fc350], sa_mask[0]=0x7ffbfeff, sa_flags=0x10000004
SIGUSR1: SIG_DFL, sa_mask[0]=0x00000000, sa_flags=0x00000000
SIGUSR2: [libjvm.so+0x7fc1d0], sa_mask[0]=0x00000004, sa_flags=0x10000004
SIGHUP: [libjvm.so+0x7fc360], sa_mask[0]=0x7ffbfeff, sa_flags=0x10000004
SIGINT: [libjvm.so+0x7fc360], sa_mask[0]=0x7ffbfeff, sa_flags=0x10000004
SIGTERM: [libjvm.so+0x7fc360], sa_mask[0]=0x7ffbfeff, sa_flags=0x10000004
SIGQUIT: [libjvm.so+0x7fc360], sa_mask[0]=0x7ffbfeff, sa_flags=0x10000004
SIGTRAP: SIG_DFL, sa_mask[0]=0x00000000, sa_flags=0x00000000


---------------  S Y S T E M  ---------------

OS:Linux
uname:Linux 4.2.5-1-ARCH #1 SMP PREEMPT Tue Oct 27 08:13:28 CET 2015 x86_64
libc:glibc 2.22 NPTL 2.22 
rlimit: STACK 8192k, CORE 0k, NPROC 31576, NOFILE 4096, AS infinity
load average:2,95 2,06 2,20

/proc/meminfo:
MemTotal:        8089124 kB
MemFree:           59892 kB
MemAvailable:     187064 kB
Buffers:            2532 kB
Cached:           571040 kB
SwapCached:            0 kB
Active:          7277936 kB
Inactive:         417560 kB
Active(anon):    7231924 kB
Inactive(anon):   379524 kB
Active(file):      46012 kB
Inactive(file):    38036 kB
Unevictable:         328 kB
Mlocked:             328 kB
SwapTotal:             0 kB
SwapFree:              0 kB
Dirty:              1052 kB
Writeback:          5936 kB
AnonPages:       7123360 kB
Mapped:           404684 kB
Shmem:            488592 kB
Slab:             143852 kB
SReclaimable:      85472 kB
SUnreclaim:        58380 kB
KernelStack:       13392 kB
PageTables:        91716 kB
NFS_Unstable:          0 kB
Bounce:                0 kB
WritebackTmp:          0 kB
CommitLimit:     4044560 kB
Committed_AS:   12874212 kB
VmallocTotal:   34359738367 kB
VmallocUsed:      382688 kB
VmallocChunk:   34358947836 kB
HardwareCorrupted:     0 kB
AnonHugePages:   2541568 kB
HugePages_Total:       0
HugePages_Free:        0
HugePages_Rsvd:        0
HugePages_Surp:        0
Hugepagesize:       2048 kB
DirectMap4k:      634496 kB
DirectMap2M:     7663616 kB


CPU:total 4 (2 cores per cpu, 2 threads per core) family 6 model 42 stepping 7, cmov, cx8, fxsr, mmx, sse, sse2, sse3, ssse3, sse4.1, sse4.2, popcnt, avx, ht, tsc, tscinvbit

/proc/cpuinfo:
processor	: 0
vendor_id	: GenuineIntel
cpu family	: 6
model		: 42
model name	: Intel(R) Core(TM) i3-2310M CPU @ 2.10GHz
stepping	: 7
microcode	: 0x15
cpu MHz		: 1515.363
cache size	: 3072 KB
physical id	: 0
siblings	: 4
core id		: 0
cpu cores	: 2
apicid		: 0
initial apicid	: 0
fpu		: yes
fpu_exception	: yes
cpuid level	: 13
wp		: yes
flags		: fpu vme de pse tsc msr pae mce cx8 apic sep mtrr pge mca cmov pat pse36 clflush dts acpi mmx fxsr sse sse2 ss ht tm pbe syscall nx rdtscp lm constant_tsc arch_perfmon pebs bts nopl xtopology nonstop_tsc aperfmperf eagerfpu pni pclmulqdq dtes64 monitor ds_cpl vmx est tm2 ssse3 cx16 xtpr pdcm pcid sse4_1 sse4_2 x2apic popcnt tsc_deadline_timer xsave avx lahf_lm arat epb pln pts dtherm tpr_shadow vnmi flexpriority ept vpid xsaveopt
bugs		:
bogomips	: 4192.35
clflush size	: 64
cache_alignment	: 64
address sizes	: 36 bits physical, 48 bits virtual
power management:

processor	: 1
vendor_id	: GenuineIntel
cpu family	: 6
model		: 42
model name	: Intel(R) Core(TM) i3-2310M CPU @ 2.10GHz
stepping	: 7
microcode	: 0x15
cpu MHz		: 1659.246
cache size	: 3072 KB
physical id	: 0
siblings	: 4
core id		: 0
cpu cores	: 2
apicid		: 1
initial apicid	: 1
fpu		: yes
fpu_exception	: yes
cpuid level	: 13
wp		: yes
flags		: fpu vme de pse tsc msr pae mce cx8 apic sep mtrr pge mca cmov pat pse36 clflush dts acpi mmx fxsr sse sse2 ss ht tm pbe syscall nx rdtscp lm constant_tsc arch_perfmon pebs bts nopl xtopology nonstop_tsc aperfmperf eagerfpu pni pclmulqdq dtes64 monitor ds_cpl vmx est tm2 ssse3 cx16 xtpr pdcm pcid sse4_1 sse4_2 x2apic popcnt tsc_deadline_timer xsave avx lahf_lm arat epb pln pts dtherm tpr_shadow vnmi flexpriority ept vpid xsaveopt
bugs		:
bogomips	: 4192.35
clflush size	: 64
cache_alignment	: 64
address sizes	: 36 bits physical, 48 bits virtual
power management:

processor	: 2
vendor_id	: GenuineIntel
cpu family	: 6
model		: 42
model name	: Intel(R) Core(TM) i3-2310M CPU @ 2.10GHz
stepping	: 7
microcode	: 0x15
cpu MHz		: 1785.656
cache size	: 3072 KB
physical id	: 0
siblings	: 4
core id		: 1
cpu cores	: 2
apicid		: 2
initial apicid	: 2
fpu		: yes
fpu_exception	: yes
cpuid level	: 13
wp		: yes
flags		: fpu vme de pse tsc msr pae mce cx8 apic sep mtrr pge mca cmov pat pse36 clflush dts acpi mmx fxsr sse sse2 ss ht tm pbe syscall nx rdtscp lm constant_tsc arch_perfmon pebs bts nopl xtopology nonstop_tsc aperfmperf eagerfpu pni pclmulqdq dtes64 monitor ds_cpl vmx est tm2 ssse3 cx16 xtpr pdcm pcid sse4_1 sse4_2 x2apic popcnt tsc_deadline_timer xsave avx lahf_lm arat epb pln pts dtherm tpr_shadow vnmi flexpriority ept vpid xsaveopt
bugs		:
bogomips	: 4192.35
clflush size	: 64
cache_alignment	: 64
address sizes	: 36 bits physical, 48 bits virtual
power management:

processor	: 3
vendor_id	: GenuineIntel
cpu family	: 6
model		: 42
model name	: Intel(R) Core(TM) i3-2310M CPU @ 2.10GHz
stepping	: 7
microcode	: 0x15
cpu MHz		: 1684.183
cache size	: 3072 KB
physical id	: 0
siblings	: 4
core id		: 1
cpu cores	: 2
apicid		: 3
initial apicid	: 3
fpu		: yes
fpu_exception	: yes
cpuid level	: 13
wp		: yes
flags		: fpu vme de pse tsc msr pae mce cx8 apic sep mtrr pge mca cmov pat pse36 clflush dts acpi mmx fxsr sse sse2 ss ht tm pbe syscall nx rdtscp lm constant_tsc arch_perfmon pebs bts nopl xtopology nonstop_tsc aperfmperf eagerfpu pni pclmulqdq dtes64 monitor ds_cpl vmx est tm2 ssse3 cx16 xtpr pdcm pcid sse4_1 sse4_2 x2apic popcnt tsc_deadline_timer xsave avx lahf_lm arat epb pln pts dtherm tpr_shadow vnmi flexpriority ept vpid xsaveopt
bugs		:
bogomips	: 4192.35
clflush size	: 64
cache_alignment	: 64
address sizes	: 36 bits physical, 48 bits virtual
power management:



Memory: 4k page, physical 8089124k(59892k free), swap 0k(0k free)

vm_info: OpenJDK 64-Bit Server VM (24.91-b01) for linux-amd64 JRE (1.7.0_91-b01), built on Oct 23 2015 08:17:33 by "builduser" with gcc 5.2.0

time: Sat Feb 27 13:35:59 2016
elapsed time: 5 seconds

