#
# There is insufficient memory for the Java Runtime Environment to continue.
# Native memory allocation (malloc) failed to allocate 165675008 bytes for committing reserved memory.
# Possible reasons:
#   The system is out of physical RAM or swap space
#   In 32 bit mode, the process size limit was hit
# Possible solutions:
#   Reduce memory load on the system
#   Increase physical memory or swap space
#   Check if swap backing store is full
#   Use 64 bit Java on a 64 bit OS
#   Decrease Java heap size (-Xmx/-Xms)
#   Decrease number of Java threads
#   Decrease Java thread stack sizes (-Xss)
#   Set larger code cache with -XX:ReservedCodeCacheSize=
# This output file may be truncated or incomplete.
#
#  Out of Memory Error (os_linux.cpp:2827), pid=22315, tid=140382758201088
#
# JRE version: OpenJDK Runtime Environment (7.0_91-b01) (build 1.7.0_91-b01)
# Java VM: OpenJDK 64-Bit Server VM (24.91-b01 mixed mode linux-amd64 compressed oops)
# Derivative: IcedTea 2.6.2
# Distribution: Custom build (Fri Oct 23 08:13:35 UTC 2015)
# Failed to write core dump. Core dumps have been disabled. To enable core dumping, try "ulimit -c unlimited" before starting Java again
#

---------------  T H R E A D  ---------------

Current thread (0x00007fad6c075800):  VMThread [stack: 0x00007fad685f6000,0x00007fad686f7000] [id=22324]

Stack: [0x00007fad685f6000,0x00007fad686f7000],  sp=0x00007fad686f54f0,  free space=1021k
Native frames: (J=compiled Java code, j=interpreted, Vv=VM code, C=native code)
V  [libjvm.so+0x9945a1]
V  [libjvm.so+0x48a63f]
V  [libjvm.so+0x80107b]
V  [libjvm.so+0x7fb4ee]
V  [libjvm.so+0x87192b]
V  [libjvm.so+0x873273]
V  [libjvm.so+0x86f4f8]
V  [libjvm.so+0x86f7dc]
V  [libjvm.so+0x824993]
V  [libjvm.so+0x996042]
V  [libjvm.so+0x99ad87]
V  [libjvm.so+0x998618]
V  [libjvm.so+0x99998f]
V  [libjvm.so+0x999e81]
V  [libjvm.so+0x7fdfb2]

VM_Operation (0x00007fad7430d4e0): ParallelGCFailedAllocation, mode: safepoint, requested by thread 0x00007fad6c00a000


---------------  P R O C E S S  ---------------

Java Threads: ( => current thread )
  0x00007fad6c0b0000 JavaThread "Service Thread" daemon [_thread_blocked, id=22330, stack(0x00007fad619cf000,0x00007fad61ad0000)]
  0x00007fad6c0ae000 JavaThread "C2 CompilerThread1" daemon [_thread_blocked, id=22329, stack(0x00007fad68077000,0x00007fad68178000)]
  0x00007fad6c0ab000 JavaThread "C2 CompilerThread0" daemon [_thread_blocked, id=22328, stack(0x00007fad68178000,0x00007fad68279000)]
  0x00007fad6c0a9000 JavaThread "Signal Dispatcher" daemon [_thread_blocked, id=22327, stack(0x00007fad68279000,0x00007fad6837a000)]
  0x00007fad6c07b800 JavaThread "Finalizer" daemon [_thread_blocked, id=22326, stack(0x00007fad683f4000,0x00007fad684f5000)]
  0x00007fad6c079800 JavaThread "Reference Handler" daemon [_thread_blocked, id=22325, stack(0x00007fad684f5000,0x00007fad685f6000)]
  0x00007fad6c00a000 JavaThread "main" [_thread_blocked, id=22319, stack(0x00007fad7420e000,0x00007fad7430f000)]

Other Threads:
=>0x00007fad6c075800 VMThread [stack: 0x00007fad685f6000,0x00007fad686f7000] [id=22324]
  0x00007fad6c0b3000 WatcherThread [stack: 0x00007fad618ce000,0x00007fad619cf000] [id=22331]

VM state:at safepoint (normal execution)

VM Mutex/Monitor currently owned by a thread:  ([mutex/lock_event])
[0x00007fad6c007990] Threads_lock - owner thread: 0x00007fad6c075800
[0x00007fad6c007e90] Heap_lock - owner thread: 0x00007fad6c00a000

Heap
 PSYoungGen      total 134144K, used 5109K [0x00000000eaa80000, 0x00000000f3280000, 0x0000000100000000)
  eden space 129024K, 0% used [0x00000000eaa80000,0x00000000eaa80000,0x00000000f2880000)
  from space 5120K, 99% used [0x00000000f2880000,0x00000000f2d7d490,0x00000000f2d80000)
  to   space 5120K, 0% used [0x00000000f2d80000,0x00000000f2d80000,0x00000000f3280000)
 ParOldGen       total 83968K, used 36304K [0x00000000c0000000, 0x00000000c5200000, 0x00000000eaa80000)
  object space 83968K, 43% used [0x00000000c0000000,0x00000000c2374388,0x00000000c5200000)
 PSPermGen       total 21504K, used 5397K [0x00000000b5a00000, 0x00000000b6f00000, 0x00000000c0000000)
  object space 21504K, 25% used [0x00000000b5a00000,0x00000000b5f456d8,0x00000000b6f00000)

Card table byte_map: [0x00007fad7111e000,0x00007fad71372000] byte_map_base: 0x00007fad70b71000

Polling page: 0x00007fad7435a000

Code Cache  [0x00007fad69000000, 0x00007fad69270000, 0x00007fad6c000000)
 total_blobs=675 nmethods=442 adapters=186 free_code_cache=47834Kb largest_free_block=48950656

Compilation events (10 events):
Event: 6,401 Thread 0x00007fad6c0ab000  444             com.android.dx.io.instructions.DecodedInstruction::getA (2 bytes)
Event: 6,402 Thread 0x00007fad6c0ab000 nmethod 444 0x00007fad69068950 code [0x00007fad69068a80, 0x00007fad69068ad8]
Event: 6,479 Thread 0x00007fad6c0ab000  445             com.android.dx.io.instructions.InstructionCodec$33::decode (99 bytes)
Event: 6,491 Thread 0x00007fad6c0ae000  446             com.android.dx.io.instructions.InstructionCodec$33::encode (131 bytes)
Event: 6,559 Thread 0x00007fad6c0ae000 nmethod 446 0x00007fad69148c50 code [0x00007fad69148e00, 0x00007fad691495e8]
Event: 6,559 Thread 0x00007fad6c0ae000  447             com.android.dx.io.instructions.ZeroRegisterDecodedInstruction::withIndex (29 bytes)
Event: 6,563 Thread 0x00007fad6c0ae000 nmethod 447 0x00007fad6914d110 code [0x00007fad6914d260, 0x00007fad6914d4d8]
Event: 6,563 Thread 0x00007fad6c0ae000  448             com.android.dx.io.instructions.ZeroRegisterDecodedInstruction::getRegisterCount (2 bytes)
Event: 6,566 Thread 0x00007fad6c0ae000 nmethod 448 0x00007fad6914d790 code [0x00007fad6914d8c0, 0x00007fad6914d918]
Event: 6,573 Thread 0x00007fad6c0ab000 nmethod 445 0x00007fad6914ddd0 code [0x00007fad6914df80, 0x00007fad6914e9e8]

GC Heap History (9 events):
Event: 2,353 GC heap before
{Heap before GC invocations=1 (full 0):
 PSYoungGen      total 37376K, used 32256K [0x00000000eaa80000, 0x00000000ed400000, 0x0000000100000000)
  eden space 32256K, 100% used [0x00000000eaa80000,0x00000000eca00000,0x00000000eca00000)
  from space 5120K, 0% used [0x00000000ecf00000,0x00000000ecf00000,0x00000000ed400000)
  to   space 5120K, 0% used [0x00000000eca00000,0x00000000eca00000,0x00000000ecf00000)
 ParOldGen       total 83968K, used 0K [0x00000000c0000000, 0x00000000c5200000, 0x00000000eaa80000)
  object space 83968K, 0% used [0x00000000c0000000,0x00000000c0000000,0x00000000c5200000)
 PSPermGen       total 21504K, used 5303K [0x00000000b5a00000, 0x00000000b6f00000, 0x00000000c0000000)
  object space 21504K, 24% used [0x00000000b5a00000,0x00000000b5f2ded0,0x00000000b6f00000)
Event: 2,378 GC heap after
Heap after GC invocations=1 (full 0):
 PSYoungGen      total 37376K, used 5109K [0x00000000eaa80000, 0x00000000ef380000, 0x0000000100000000)
  eden space 32256K, 0% used [0x00000000eaa80000,0x00000000eaa80000,0x00000000eca00000)
  from space 5120K, 99% used [0x00000000eca00000,0x00000000ecefd6c8,0x00000000ecf00000)
  to   space 5120K, 0% used [0x00000000eee80000,0x00000000eee80000,0x00000000ef380000)
 ParOldGen       total 83968K, used 3065K [0x00000000c0000000, 0x00000000c5200000, 0x00000000eaa80000)
  object space 83968K, 3% used [0x00000000c0000000,0x00000000c02fe5b0,0x00000000c5200000)
 PSPermGen       total 21504K, used 5303K [0x00000000b5a00000, 0x00000000b6f00000, 0x00000000c0000000)
  object space 21504K, 24% used [0x00000000b5a00000,0x00000000b5f2ded0,0x00000000b6f00000)
}
Event: 3,327 GC heap before
{Heap before GC invocations=2 (full 0):
 PSYoungGen      total 37376K, used 37365K [0x00000000eaa80000, 0x00000000ef380000, 0x0000000100000000)
  eden space 32256K, 100% used [0x00000000eaa80000,0x00000000eca00000,0x00000000eca00000)
  from space 5120K, 99% used [0x00000000eca00000,0x00000000ecefd6c8,0x00000000ecf00000)
  to   space 5120K, 0% used [0x00000000eee80000,0x00000000eee80000,0x00000000ef380000)
 ParOldGen       total 83968K, used 3065K [0x00000000c0000000, 0x00000000c5200000, 0x00000000eaa80000)
  object space 83968K, 3% used [0x00000000c0000000,0x00000000c02fe5b0,0x00000000c5200000)
 PSPermGen       total 21504K, used 5354K [0x00000000b5a00000, 0x00000000b6f00000, 0x00000000c0000000)
  object space 21504K, 24% used [0x00000000b5a00000,0x00000000b5f3aa08,0x00000000b6f00000)
Event: 3,367 GC heap after
Heap after GC invocations=2 (full 0):
 PSYoungGen      total 69632K, used 5111K [0x00000000eaa80000, 0x00000000ef380000, 0x0000000100000000)
  eden space 64512K, 0% used [0x00000000eaa80000,0x00000000eaa80000,0x00000000ee980000)
  from space 5120K, 99% used [0x00000000eee80000,0x00000000ef37dfc8,0x00000000ef380000)
  to   space 5120K, 0% used [0x00000000ee980000,0x00000000ee980000,0x00000000eee80000)
 ParOldGen       total 83968K, used 7275K [0x00000000c0000000, 0x00000000c5200000, 0x00000000eaa80000)
  object space 83968K, 8% used [0x00000000c0000000,0x00000000c071afb8,0x00000000c5200000)
 PSPermGen       total 21504K, used 5354K [0x00000000b5a00000, 0x00000000b6f00000, 0x00000000c0000000)
  object space 21504K, 24% used [0x00000000b5a00000,0x00000000b5f3aa08,0x00000000b6f00000)
}
Event: 4,164 GC heap before
{Heap before GC invocations=3 (full 0):
 PSYoungGen      total 69632K, used 69604K [0x00000000eaa80000, 0x00000000ef380000, 0x0000000100000000)
  eden space 64512K, 99% used [0x00000000eaa80000,0x00000000ee97b098,0x00000000ee980000)
  from space 5120K, 99% used [0x00000000eee80000,0x00000000ef37dfc8,0x00000000ef380000)
  to   space 5120K, 0% used [0x00000000ee980000,0x00000000ee980000,0x00000000eee80000)
 ParOldGen       total 83968K, used 7275K [0x00000000c0000000, 0x00000000c5200000, 0x00000000eaa80000)
  object space 83968K, 8% used [0x00000000c0000000,0x00000000c071afb8,0x00000000c5200000)
 PSPermGen       total 21504K, used 5382K [0x00000000b5a00000, 0x00000000b6f00000, 0x00000000c0000000)
  object space 21504K, 25% used [0x00000000b5a00000,0x00000000b5f41990,0x00000000b6f00000)
Event: 4,170 GC heap after
Heap after GC invocations=3 (full 0):
 PSYoungGen      total 69632K, used 5104K [0x00000000eaa80000, 0x00000000f3280000, 0x0000000100000000)
  eden space 64512K, 0% used [0x00000000eaa80000,0x00000000eaa80000,0x00000000ee980000)
  from space 5120K, 99% used [0x00000000ee980000,0x00000000eee7c290,0x00000000eee80000)
  to   space 5120K, 0% used [0x00000000f2d80000,0x00000000f2d80000,0x00000000f3280000)
 ParOldGen       total 83968K, used 7275K [0x00000000c0000000, 0x00000000c5200000, 0x00000000eaa80000)
  object space 83968K, 8% used [0x00000000c0000000,0x00000000c071afb8,0x00000000c5200000)
 PSPermGen       total 21504K, used 5382K [0x00000000b5a00000, 0x00000000b6f00000, 0x00000000c0000000)
  object space 21504K, 25% used [0x00000000b5a00000,0x00000000b5f41990,0x00000000b6f00000)
}
Event: 5,086 GC heap before
{Heap before GC invocations=4 (full 0):
 PSYoungGen      total 69632K, used 69616K [0x00000000eaa80000, 0x00000000f3280000, 0x0000000100000000)
  eden space 64512K, 100% used [0x00000000eaa80000,0x00000000ee980000,0x00000000ee980000)
  from space 5120K, 99% used [0x00000000ee980000,0x00000000eee7c290,0x00000000eee80000)
  to   space 5120K, 0% used [0x00000000f2d80000,0x00000000f2d80000,0x00000000f3280000)
 ParOldGen       total 83968K, used 7275K [0x00000000c0000000, 0x00000000c5200000, 0x00000000eaa80000)
  object space 83968K, 8% used [0x00000000c0000000,0x00000000c071afb8,0x00000000c5200000)
 PSPermGen       total 21504K, used 5388K [0x00000000b5a00000, 0x00000000b6f00000, 0x00000000c0000000)
  object space 21504K, 25% used [0x00000000b5a00000,0x00000000b5f43218,0x00000000b6f00000)
Event: 5,147 GC heap after
Heap after GC invocations=4 (full 0):
 PSYoungGen      total 134144K, used 4956K [0x00000000eaa80000, 0x00000000f3280000, 0x0000000100000000)
  eden space 129024K, 0% used [0x00000000eaa80000,0x00000000eaa80000,0x00000000f2880000)
  from space 5120K, 96% used [0x00000000f2d80000,0x00000000f3257378,0x00000000f3280000)
  to   space 5120K, 0% used [0x00000000f2880000,0x00000000f2880000,0x00000000f2d80000)
 ParOldGen       total 83968K, used 16218K [0x00000000c0000000, 0x00000000c5200000, 0x00000000eaa80000)
  object space 83968K, 19% used [0x00000000c0000000,0x00000000c0fd6ab0,0x00000000c5200000)
 PSPermGen       total 21504K, used 5388K [0x00000000b5a00000, 0x00000000b6f00000, 0x00000000c0000000)
  object space 21504K, 25% used [0x00000000b5a00000,0x00000000b5f43218,0x00000000b6f00000)
}
Event: 6,723 GC heap before
{Heap before GC invocations=5 (full 0):
 PSYoungGen      total 134144K, used 133980K [0x00000000eaa80000, 0x00000000f3280000, 0x0000000100000000)
  eden space 129024K, 100% used [0x00000000eaa80000,0x00000000f2880000,0x00000000f2880000)
  from space 5120K, 96% used [0x00000000f2d80000,0x00000000f3257378,0x00000000f3280000)
  to   space 5120K, 0% used [0x00000000f2880000,0x00000000f2880000,0x00000000f2d80000)
 ParOldGen       total 83968K, used 16218K [0x00000000c0000000, 0x00000000c5200000, 0x00000000eaa80000)
  object space 83968K, 19% used [0x00000000c0000000,0x00000000c0fd6ab0,0x00000000c5200000)
 PSPermGen       total 21504K, used 5397K [0x00000000b5a00000, 0x00000000b6f00000, 0x00000000c0000000)
  object space 21504K, 25% used [0x00000000b5a00000,0x00000000b5f456d8,0x00000000b6f00000)

Deoptimization events (10 events):
Event: 4,572 Thread 0x00007fad6c00a000 Uncommon trap: reason=unstable_if action=reinterpret pc=0x00007fad6911024c method=com.android.dex.Mutf8.countBytes(Ljava/lang/String;Z)J @ 50
Event: 4,618 Thread 0x00007fad6c00a000 Uncommon trap: reason=unstable_if action=reinterpret pc=0x00007fad690fe65c method=com.android.dex.Mutf8.countBytes(Ljava/lang/String;Z)J @ 50
Event: 4,618 Thread 0x00007fad6c00a000 Uncommon trap: reason=unstable_if action=reinterpret pc=0x00007fad691035a0 method=com.android.dex.Mutf8.countBytes(Ljava/lang/String;Z)J @ 50
Event: 4,849 Thread 0x00007fad6c00a000 Uncommon trap: reason=array_check action=maybe_recompile pc=0x00007fad690eb644 method=java.util.ComparableTimSort.binarySort([Ljava/lang/Object;III)V @ 193
Event: 4,850 Thread 0x00007fad6c00a000 Uncommon trap: reason=unstable_if action=reinterpret pc=0x00007fad69084fb4 method=com.android.dex.Mutf8.countBytes(Ljava/lang/String;Z)J @ 28
Event: 4,854 Thread 0x00007fad6c00a000 Uncommon trap: reason=unstable_if action=reinterpret pc=0x00007fad69088094 method=com.android.dex.Mutf8.encode([BILjava/lang/String;)V @ 24
Event: 5,663 Thread 0x00007fad6c00a000 Uncommon trap: reason=null_check action=make_not_entrant pc=0x00007fad69133d5c method=com.android.dx.io.instructions.AddressMap.get(I)I @ 11
Event: 5,764 Thread 0x00007fad6c00a000 Uncommon trap: reason=array_check action=maybe_recompile pc=0x00007fad690eb644 method=java.util.ComparableTimSort.binarySort([Ljava/lang/Object;III)V @ 193
Event: 5,847 Thread 0x00007fad6c00a000 Uncommon trap: reason=null_check action=make_not_entrant pc=0x00007fad69131de8 method=com.android.dx.io.instructions.AddressMap.get(I)I @ 11
Event: 6,696 Thread 0x00007fad6c00a000 Uncommon trap: reason=array_check action=maybe_recompile pc=0x00007fad69138420 method=java.util.ComparableTimSort.binarySort([Ljava/lang/Object;III)V @ 215

Internal exceptions (10 events):
Event: 1,090 Thread 0x00007fad6c00a000 Threw 0x00000000ebc3bc48 at /build/java7-openjdk/src/icedtea-2.6.2/openjdk/hotspot/src/share/vm/prims/jvm.cpp:1322
Event: 1,188 Thread 0x00007fad6c00a000 Threw 0x00000000ebcd83e8 at /build/java7-openjdk/src/icedtea-2.6.2/openjdk/hotspot/src/share/vm/prims/jvm.cpp:1322
Event: 1,188 Thread 0x00007fad6c00a000 Threw 0x00000000ebcd8510 at /build/java7-openjdk/src/icedtea-2.6.2/openjdk/hotspot/src/share/vm/prims/jvm.cpp:1322
Event: 1,189 Thread 0x00007fad6c00a000 Threw 0x00000000ebcda958 at /build/java7-openjdk/src/icedtea-2.6.2/openjdk/hotspot/src/share/vm/prims/jvm.cpp:1322
Event: 1,189 Thread 0x00007fad6c00a000 Threw 0x00000000ebcdaa80 at /build/java7-openjdk/src/icedtea-2.6.2/openjdk/hotspot/src/share/vm/prims/jvm.cpp:1322
Event: 1,189 Thread 0x00007fad6c00a000 Threw 0x00000000ebcdb408 at /build/java7-openjdk/src/icedtea-2.6.2/openjdk/hotspot/src/share/vm/prims/jvm.cpp:1322
Event: 1,189 Thread 0x00007fad6c00a000 Threw 0x00000000ebcdb530 at /build/java7-openjdk/src/icedtea-2.6.2/openjdk/hotspot/src/share/vm/prims/jvm.cpp:1322
Event: 2,800 Thread 0x00007fad6c00a000 Threw 0x00000000eaf0ebf0 at /build/java7-openjdk/src/icedtea-2.6.2/openjdk/hotspot/src/share/vm/prims/jvm.cpp:1322
Event: 5,663 Thread 0x00007fad6c00a000 Implicit null exception at 0x00007fad691333ec to 0x00007fad69133d4d
Event: 5,847 Thread 0x00007fad6c00a000 Implicit null exception at 0x00007fad6913170c to 0x00007fad69131dc5

Events (10 events):
Event: 5,764 Thread 0x00007fad6c00a000 Uncommon trap: trap_request=0xffffffd6 fr.pc=0x00007fad690eb644
Event: 5,764 Thread 0x00007fad6c00a000 DEOPT PACKING pc=0x00007fad690eb644 sp=0x00007fad7430d4b0
Event: 5,764 Thread 0x00007fad6c00a000 DEOPT UNPACKING pc=0x00007fad69039445 sp=0x00007fad7430d478 mode 2
Event: 5,847 Thread 0x00007fad6c00a000 Uncommon trap: trap_request=0xfffffff4 fr.pc=0x00007fad69131de8
Event: 5,847 Thread 0x00007fad6c00a000 DEOPT PACKING pc=0x00007fad69131de8 sp=0x00007fad7430d4c0
Event: 5,847 Thread 0x00007fad6c00a000 DEOPT UNPACKING pc=0x00007fad69039445 sp=0x00007fad7430d398 mode 2
Event: 6,696 Thread 0x00007fad6c00a000 Uncommon trap: trap_request=0xffffffd6 fr.pc=0x00007fad69138420
Event: 6,696 Thread 0x00007fad6c00a000 DEOPT PACKING pc=0x00007fad69138420 sp=0x00007fad7430d4a0
Event: 6,697 Thread 0x00007fad6c00a000 DEOPT UNPACKING pc=0x00007fad69039445 sp=0x00007fad7430d478 mode 2
Event: 6,723 Executing VM operation: ParallelGCFailedAllocation


Dynamic libraries:
00400000-00401000 r-xp 00000000 08:06 808276                             /usr/lib/jvm/java-7-openjdk/jre/bin/java
00600000-00601000 rw-p 00000000 08:06 808276                             /usr/lib/jvm/java-7-openjdk/jre/bin/java
021ce000-021ef000 rw-p 00000000 00:00 0                                  [heap]
b5a00000-b6f00000 rw-p 00000000 00:00 0 
b6f00000-c0000000 rw-p 00000000 00:00 0 
c0000000-c5200000 rw-p 00000000 00:00 0 
c5200000-eaa80000 rw-p 00000000 00:00 0 
eaa80000-f3280000 rw-p 00000000 00:00 0 
fd080000-100000000 rw-p 00000000 00:00 0 
7fad34000000-7fad34021000 rw-p 00000000 00:00 0 
7fad34021000-7fad38000000 ---p 00000000 00:00 0 
7fad38000000-7fad38021000 rw-p 00000000 00:00 0 
7fad38021000-7fad3c000000 ---p 00000000 00:00 0 
7fad3c000000-7fad3c633000 rw-p 00000000 00:00 0 
7fad3c633000-7fad40000000 ---p 00000000 00:00 0 
7fad40000000-7fad406a4000 rw-p 00000000 00:00 0 
7fad406a4000-7fad44000000 ---p 00000000 00:00 0 
7fad44000000-7fad44021000 rw-p 00000000 00:00 0 
7fad44021000-7fad48000000 ---p 00000000 00:00 0 
7fad48000000-7fad48021000 rw-p 00000000 00:00 0 
7fad48021000-7fad4c000000 ---p 00000000 00:00 0 
7fad4c000000-7fad4c030000 rw-p 00000000 00:00 0 
7fad4c030000-7fad50000000 ---p 00000000 00:00 0 
7fad50000000-7fad50021000 rw-p 00000000 00:00 0 
7fad50021000-7fad54000000 ---p 00000000 00:00 0 
7fad54000000-7fad54021000 rw-p 00000000 00:00 0 
7fad54021000-7fad58000000 ---p 00000000 00:00 0 
7fad58000000-7fad58021000 rw-p 00000000 00:00 0 
7fad58021000-7fad5c000000 ---p 00000000 00:00 0 
7fad5c000000-7fad5c021000 rw-p 00000000 00:00 0 
7fad5c021000-7fad60000000 ---p 00000000 00:00 0 
7fad60332000-7fad603a1000 r-xp 00000000 08:06 660327                     /usr/lib/libpcre.so.1.2.5
7fad603a1000-7fad605a0000 ---p 0006f000 08:06 660327                     /usr/lib/libpcre.so.1.2.5
7fad605a0000-7fad605a1000 r--p 0006e000 08:06 660327                     /usr/lib/libpcre.so.1.2.5
7fad605a1000-7fad605a2000 rw-p 0006f000 08:06 660327                     /usr/lib/libpcre.so.1.2.5
7fad605a2000-7fad605aa000 r-xp 00000000 08:06 689527                     /usr/lib/libffi.so.6.0.4
7fad605aa000-7fad607a9000 ---p 00008000 08:06 689527                     /usr/lib/libffi.so.6.0.4
7fad607a9000-7fad607aa000 r--p 00007000 08:06 689527                     /usr/lib/libffi.so.6.0.4
7fad607aa000-7fad607ab000 rw-p 00008000 08:06 689527                     /usr/lib/libffi.so.6.0.4
7fad607ab000-7fad607bf000 r-xp 00000000 08:06 657582                     /usr/lib/libresolv-2.22.so
7fad607bf000-7fad609be000 ---p 00014000 08:06 657582                     /usr/lib/libresolv-2.22.so
7fad609be000-7fad609bf000 r--p 00013000 08:06 657582                     /usr/lib/libresolv-2.22.so
7fad609bf000-7fad609c0000 rw-p 00014000 08:06 657582                     /usr/lib/libresolv-2.22.so
7fad609c0000-7fad609c2000 rw-p 00000000 00:00 0 
7fad609c2000-7fad609c5000 r-xp 00000000 08:06 678602                     /usr/lib/libgmodule-2.0.so.0.4600.1
7fad609c5000-7fad60bc4000 ---p 00003000 08:06 678602                     /usr/lib/libgmodule-2.0.so.0.4600.1
7fad60bc4000-7fad60bc5000 r--p 00002000 08:06 678602                     /usr/lib/libgmodule-2.0.so.0.4600.1
7fad60bc5000-7fad60bc6000 rw-p 00003000 08:06 678602                     /usr/lib/libgmodule-2.0.so.0.4600.1
7fad60bc6000-7fad60cd2000 r-xp 00000000 08:06 678556                     /usr/lib/libglib-2.0.so.0.4600.1
7fad60cd2000-7fad60ed1000 ---p 0010c000 08:06 678556                     /usr/lib/libglib-2.0.so.0.4600.1
7fad60ed1000-7fad60ed2000 r--p 0010b000 08:06 678556                     /usr/lib/libglib-2.0.so.0.4600.1
7fad60ed2000-7fad60ed3000 rw-p 0010c000 08:06 678556                     /usr/lib/libglib-2.0.so.0.4600.1
7fad60ed3000-7fad60ed4000 rw-p 00000000 00:00 0 
7fad60ed4000-7fad60f25000 r-xp 00000000 08:06 678605                     /usr/lib/libgobject-2.0.so.0.4600.1
7fad60f25000-7fad61124000 ---p 00051000 08:06 678605                     /usr/lib/libgobject-2.0.so.0.4600.1
7fad61124000-7fad61125000 r--p 00050000 08:06 678605                     /usr/lib/libgobject-2.0.so.0.4600.1
7fad61125000-7fad61126000 rw-p 00051000 08:06 678605                     /usr/lib/libgobject-2.0.so.0.4600.1
7fad61126000-7fad6129e000 r-xp 00000000 08:06 678606                     /usr/lib/libgio-2.0.so.0.4600.1
7fad6129e000-7fad6149d000 ---p 00178000 08:06 678606                     /usr/lib/libgio-2.0.so.0.4600.1
7fad6149d000-7fad614a1000 r--p 00177000 08:06 678606                     /usr/lib/libgio-2.0.so.0.4600.1
7fad614a1000-7fad614a3000 rw-p 0017b000 08:06 678606                     /usr/lib/libgio-2.0.so.0.4600.1
7fad614a3000-7fad614a5000 rw-p 00000000 00:00 0 
7fad614a5000-7fad614bc000 r-xp 00000000 08:06 805842                     /usr/lib/jvm/java-7-openjdk/jre/lib/amd64/libnet.so
7fad614bc000-7fad616bc000 ---p 00017000 08:06 805842                     /usr/lib/jvm/java-7-openjdk/jre/lib/amd64/libnet.so
7fad616bc000-7fad616bd000 rw-p 00017000 08:06 805842                     /usr/lib/jvm/java-7-openjdk/jre/lib/amd64/libnet.so
7fad616bd000-7fad616cd000 r-xp 00000000 08:06 805843                     /usr/lib/jvm/java-7-openjdk/jre/lib/amd64/libnio.so
7fad616cd000-7fad618cd000 ---p 00010000 08:06 805843                     /usr/lib/jvm/java-7-openjdk/jre/lib/amd64/libnio.so
7fad618cd000-7fad618ce000 rw-p 00010000 08:06 805843                     /usr/lib/jvm/java-7-openjdk/jre/lib/amd64/libnio.so
7fad618ce000-7fad618cf000 ---p 00000000 00:00 0 
7fad618cf000-7fad619cf000 rw-p 00000000 00:00 0                          [stack:22331]
7fad619cf000-7fad619d2000 ---p 00000000 00:00 0 
7fad619d2000-7fad64000000 rw-p 00000000 00:00 0                          [stack:22330]
7fad64000000-7fad64021000 rw-p 00000000 00:00 0 
7fad64021000-7fad68000000 ---p 00000000 00:00 0 
7fad68052000-7fad68077000 r--p 00000000 08:06 656048                     /usr/share/locale/cs/LC_MESSAGES/libc.mo
7fad68077000-7fad6807a000 ---p 00000000 00:00 0 
7fad6807a000-7fad68178000 rw-p 00000000 00:00 0                          [stack:22329]
7fad68178000-7fad6817b000 ---p 00000000 00:00 0 
7fad6817b000-7fad68279000 rw-p 00000000 00:00 0                          [stack:22328]
7fad68279000-7fad6827c000 ---p 00000000 00:00 0 
7fad6827c000-7fad6837a000 rw-p 00000000 00:00 0                          [stack:22327]
7fad6837a000-7fad683f4000 r--p 00000000 08:06 684767                     /usr/lib/locale/locale-archive
7fad683f4000-7fad683f7000 ---p 00000000 00:00 0 
7fad683f7000-7fad684f5000 rw-p 00000000 00:00 0                          [stack:22326]
7fad684f5000-7fad684f8000 ---p 00000000 00:00 0 
7fad684f8000-7fad685f6000 rw-p 00000000 00:00 0                          [stack:22325]
7fad685f6000-7fad685f7000 ---p 00000000 00:00 0 
7fad685f7000-7fad69000000 rw-p 00000000 00:00 0                          [stack:22324]
7fad69000000-7fad69270000 rwxp 00000000 00:00 0 
7fad69270000-7fad6c1b8000 rw-p 00000000 00:00 0 
7fad6c1b8000-7fad70000000 ---p 00000000 00:00 0 
7fad7000b000-7fad706ee000 rw-p 00000000 00:00 0 
7fad706ee000-7fad708a0000 r--s 01d2e000 08:06 803920                     /usr/lib/jvm/java-7-openjdk/jre/lib/rt.jar
7fad708a0000-7fad70bc4000 rw-p 00000000 00:00 0 
7fad70bc4000-7fad70bc5000 ---p 00000000 00:00 0 
7fad70bc5000-7fad70cc5000 rw-p 00000000 00:00 0                          [stack:22323]
7fad70cc5000-7fad70cc6000 ---p 00000000 00:00 0 
7fad70cc6000-7fad70dc6000 rw-p 00000000 00:00 0                          [stack:22322]
7fad70dc6000-7fad70dc7000 ---p 00000000 00:00 0 
7fad70dc7000-7fad70ec7000 rw-p 00000000 00:00 0                          [stack:22321]
7fad70ec7000-7fad70ec8000 ---p 00000000 00:00 0 
7fad70ec8000-7fad70ff1000 rw-p 00000000 00:00 0                          [stack:22320]
7fad70ff1000-7fad7111e000 rw-p 00000000 00:00 0 
7fad7111e000-7fad71129000 rw-p 00000000 00:00 0 
7fad71129000-7fad71171000 rw-p 00000000 00:00 0 
7fad71171000-7fad7119a000 rw-p 00000000 00:00 0 
7fad7119a000-7fad712c6000 rw-p 00000000 00:00 0 
7fad712c6000-7fad7130b000 rw-p 00000000 00:00 0 
7fad7130b000-7fad71371000 rw-p 00000000 00:00 0 
7fad71371000-7fad7137c000 rw-p 00000000 00:00 0 
7fad7137c000-7fad71432000 rw-p 00000000 00:00 0 
7fad71432000-7fad7143a000 r-xp 00000000 08:06 804593                     /usr/lib/jvm/java-7-openjdk/jre/lib/amd64/libzip.so
7fad7143a000-7fad71639000 ---p 00008000 08:06 804593                     /usr/lib/jvm/java-7-openjdk/jre/lib/amd64/libzip.so
7fad71639000-7fad7163a000 rw-p 00007000 08:06 804593                     /usr/lib/jvm/java-7-openjdk/jre/lib/amd64/libzip.so
7fad7163a000-7fad71645000 r-xp 00000000 08:06 657575                     /usr/lib/libnss_files-2.22.so
7fad71645000-7fad71844000 ---p 0000b000 08:06 657575                     /usr/lib/libnss_files-2.22.so
7fad71844000-7fad71845000 r--p 0000a000 08:06 657575                     /usr/lib/libnss_files-2.22.so
7fad71845000-7fad71846000 rw-p 0000b000 08:06 657575                     /usr/lib/libnss_files-2.22.so
7fad71846000-7fad7184c000 rw-p 00000000 00:00 0 
7fad7184c000-7fad71877000 r-xp 00000000 08:06 804592                     /usr/lib/jvm/java-7-openjdk/jre/lib/amd64/libjava.so
7fad71877000-7fad71a77000 ---p 0002b000 08:06 804592                     /usr/lib/jvm/java-7-openjdk/jre/lib/amd64/libjava.so
7fad71a77000-7fad71a79000 rw-p 0002b000 08:06 804592                     /usr/lib/jvm/java-7-openjdk/jre/lib/amd64/libjava.so
7fad71a79000-7fad71a86000 r-xp 00000000 08:06 804584                     /usr/lib/jvm/java-7-openjdk/jre/lib/amd64/libverify.so
7fad71a86000-7fad71c85000 ---p 0000d000 08:06 804584                     /usr/lib/jvm/java-7-openjdk/jre/lib/amd64/libverify.so
7fad71c85000-7fad71c87000 rw-p 0000c000 08:06 804584                     /usr/lib/jvm/java-7-openjdk/jre/lib/amd64/libverify.so
7fad71c87000-7fad71c8e000 r-xp 00000000 08:06 657583                     /usr/lib/librt-2.22.so
7fad71c8e000-7fad71e8d000 ---p 00007000 08:06 657583                     /usr/lib/librt-2.22.so
7fad71e8d000-7fad71e8e000 r--p 00006000 08:06 657583                     /usr/lib/librt-2.22.so
7fad71e8e000-7fad71e8f000 rw-p 00007000 08:06 657583                     /usr/lib/librt-2.22.so
7fad71e8f000-7fad71ea5000 r-xp 00000000 08:06 660414                     /usr/lib/libgcc_s.so.1
7fad71ea5000-7fad720a4000 ---p 00016000 08:06 660414                     /usr/lib/libgcc_s.so.1
7fad720a4000-7fad720a5000 rw-p 00015000 08:06 660414                     /usr/lib/libgcc_s.so.1
7fad720a5000-7fad721a2000 r-xp 00000000 08:06 657580                     /usr/lib/libm-2.22.so
7fad721a2000-7fad723a1000 ---p 000fd000 08:06 657580                     /usr/lib/libm-2.22.so
7fad723a1000-7fad723a2000 r--p 000fc000 08:06 657580                     /usr/lib/libm-2.22.so
7fad723a2000-7fad723a3000 rw-p 000fd000 08:06 657580                     /usr/lib/libm-2.22.so
7fad723a3000-7fad72515000 r-xp 00000000 08:06 676918                     /usr/lib/libstdc++.so.6.0.21
7fad72515000-7fad72715000 ---p 00172000 08:06 676918                     /usr/lib/libstdc++.so.6.0.21
7fad72715000-7fad7271f000 r--p 00172000 08:06 676918                     /usr/lib/libstdc++.so.6.0.21
7fad7271f000-7fad72721000 rw-p 0017c000 08:06 676918                     /usr/lib/libstdc++.so.6.0.21
7fad72721000-7fad72725000 rw-p 00000000 00:00 0 
7fad72725000-7fad73275000 r-xp 00000000 08:06 807787                     /usr/lib/jvm/java-7-openjdk/jre/lib/amd64/server/libjvm.so
7fad73275000-7fad73474000 ---p 00b50000 08:06 807787                     /usr/lib/jvm/java-7-openjdk/jre/lib/amd64/server/libjvm.so
7fad73474000-7fad73528000 rw-p 00b4f000 08:06 807787                     /usr/lib/jvm/java-7-openjdk/jre/lib/amd64/server/libjvm.so
7fad73528000-7fad73553000 rw-p 00000000 00:00 0 
7fad73553000-7fad73568000 r-xp 00000000 08:06 660480                     /usr/lib/libz.so.1.2.8
7fad73568000-7fad73767000 ---p 00015000 08:06 660480                     /usr/lib/libz.so.1.2.8
7fad73767000-7fad73768000 r--p 00014000 08:06 660480                     /usr/lib/libz.so.1.2.8
7fad73768000-7fad73769000 rw-p 00015000 08:06 660480                     /usr/lib/libz.so.1.2.8
7fad73769000-7fad73904000 r-xp 00000000 08:06 657529                     /usr/lib/libc-2.22.so
7fad73904000-7fad73b03000 ---p 0019b000 08:06 657529                     /usr/lib/libc-2.22.so
7fad73b03000-7fad73b07000 r--p 0019a000 08:06 657529                     /usr/lib/libc-2.22.so
7fad73b07000-7fad73b09000 rw-p 0019e000 08:06 657529                     /usr/lib/libc-2.22.so
7fad73b09000-7fad73b0d000 rw-p 00000000 00:00 0 
7fad73b0d000-7fad73b10000 r-xp 00000000 08:06 657579                     /usr/lib/libdl-2.22.so
7fad73b10000-7fad73d0f000 ---p 00003000 08:06 657579                     /usr/lib/libdl-2.22.so
7fad73d0f000-7fad73d10000 r--p 00002000 08:06 657579                     /usr/lib/libdl-2.22.so
7fad73d10000-7fad73d11000 rw-p 00003000 08:06 657579                     /usr/lib/libdl-2.22.so
7fad73d11000-7fad73d1e000 r-xp 00000000 08:06 807686                     /usr/lib/jvm/java-7-openjdk/jre/lib/amd64/jli/libjli.so
7fad73d1e000-7fad73f1d000 ---p 0000d000 08:06 807686                     /usr/lib/jvm/java-7-openjdk/jre/lib/amd64/jli/libjli.so
7fad73f1d000-7fad73f1e000 rw-p 0000c000 08:06 807686                     /usr/lib/jvm/java-7-openjdk/jre/lib/amd64/jli/libjli.so
7fad73f1e000-7fad73f36000 r-xp 00000000 08:06 657471                     /usr/lib/libpthread-2.22.so
7fad73f36000-7fad74135000 ---p 00018000 08:06 657471                     /usr/lib/libpthread-2.22.so
7fad74135000-7fad74136000 r--p 00017000 08:06 657471                     /usr/lib/libpthread-2.22.so
7fad74136000-7fad74137000 rw-p 00018000 08:06 657471                     /usr/lib/libpthread-2.22.so
7fad74137000-7fad7413b000 rw-p 00000000 00:00 0 
7fad7413b000-7fad7415d000 r-xp 00000000 08:06 657527                     /usr/lib/ld-2.22.so
7fad74162000-7fad74163000 rw-p 00000000 00:00 0 
7fad74163000-7fad74172000 r--s 000df000 08:06 1700815                    /opt/android-sdk/build-tools/23.0.1/lib/dx.jar
7fad74172000-7fad741c6000 rw-p 00000000 00:00 0 
7fad741c6000-7fad7420e000 rw-p 00000000 00:00 0 
7fad7420e000-7fad74211000 ---p 00000000 00:00 0 
7fad74211000-7fad74313000 rw-p 00000000 00:00 0                          [stack:22319]
7fad74313000-7fad74318000 r--s 0004e000 08:06 803922                     /usr/lib/jvm/java-7-openjdk/jre/lib/jsse.jar
7fad74318000-7fad74351000 rw-p 00000000 00:00 0 
7fad74351000-7fad74359000 rw-s 00000000 00:21 5894375                    /tmp/hsperfdata_gobbl3r/22315
7fad74359000-7fad7435a000 rw-p 00000000 00:00 0 
7fad7435a000-7fad7435b000 ---p 00000000 00:00 0 
7fad7435b000-7fad7435c000 rw-p 00000000 00:00 0 
7fad7435c000-7fad7435d000 r--p 00021000 08:06 657527                     /usr/lib/ld-2.22.so
7fad7435d000-7fad7435e000 rw-p 00022000 08:06 657527                     /usr/lib/ld-2.22.so
7fad7435e000-7fad7435f000 rw-p 00000000 00:00 0 
7fff8cbfa000-7fff8cc1c000 rw-p 00000000 00:00 0                          [stack]
7fff8cca7000-7fff8cca9000 r--p 00000000 00:00 0                          [vvar]
7fff8cca9000-7fff8ccab000 r-xp 00000000 00:00 0                          [vdso]
ffffffffff600000-ffffffffff601000 r-xp 00000000 00:00 0                  [vsyscall]

VM Arguments:
jvm_args: -Djava.awt.headless=true -Xmx1024M -Dfile.encoding=UTF-8 -Duser.country=CZ -Duser.language=cs -Duser.variant 
java_command: com.android.dx.command.Main --dex --num-threads=4 --output /home/gobbl3r/AndroidstudioProjects/RemoteControlClient/app/build/intermediates/transforms/dex/debug/folders/1000/1f/main /home/gobbl3r/AndroidstudioProjects/RemoteControlClient/app/build/intermediates/pre-dexed/debug/support-annotations-23.1.1_a191f39ca41bd9735f8d3a9cc6638ec5404adeab.jar /home/gobbl3r/AndroidstudioProjects/RemoteControlClient/app/build/intermediates/pre-dexed/debug/me.grantland-autofittextview-0.2.1_6219abff54cc7ce4820f9fa30a5a3201595e52b7.jar /home/gobbl3r/AndroidstudioProjects/RemoteControlClient/app/build/intermediates/pre-dexed/debug/com.google.android.gms-play-services-base-8.4.0_4ef8f346a1f51bc592c7b9a65f08b6c6eab4010d.jar /home/gobbl3r/AndroidstudioProjects/RemoteControlClient/app/build/intermediates/pre-dexed/debug/com.journeyapps-zxing-android-embedded-3.2.0_d806d1dd584563eaac1751577d3837622f261c6d.jar /home/gobbl3r/AndroidstudioProjects/RemoteControlClient/app/build/intermediates/pre-dexed/debug/debug_6cfc7137c6eb02243a93ac01e1419e295be757fb.jar /home/gobbl3r/AndroidstudioProjects/RemoteControlClient/app/build/intermediates/pre-dexed/debug/gson-2.2.4_7cae028f68a099dfe0871c12c2709ab101513f23.jar /home/gobbl3r/AndroidstudioProjects/RemoteControlClient/app/build/intermediates/pre-dexed/debug/com.google.android.gms-play-services-maps-8.4.0_ac86eafafc3ba05ba3e865d891076c160a2d7251.jar /home/gobbl3r/AndroidstudioProjects/RemoteControlClient/app/build/intermediates/pre-dexed/debug/internal_impl-23.1.1_e75990e8123fc5ceef46f2fa4cc527e7ad94486a.jar /home/gobbl3r/AndroidstudioProjects/RemoteControlClient/app/build/intermediates/pre-dexed/debug/com.android.support-design-23.1.1_b511906001ed7ee9d478d70e522d0eb31b12992b.jar /home/gobbl3r/AndroidstudioProjects/RemoteControlClient/app/build/intermediates/pre-dexed/debug/com.android.support-recyclerview-v7-23.1.1_4b0fb025954b7623d527e5fdbd87d515c7ba7eca.jar /home/gobbl3r/AndroidstudioProjects/RemoteControlClient/app/build/intermedi
Launcher Type: SUN_STANDARD

Environment Variables:
PATH=/home/gobbl3r/.phpenv/bin:/usr/local/sbin:/usr/local/bin:/usr/bin:/opt/android-ndk:/opt/android-sdk/build-tools/19.0.3/:/opt/android-sdk/platform-tools:/opt/android-sdk/tools:/usr/lib/jvm/default/bin:/usr/bin/site_perl:/usr/bin/vendor_perl:/usr/bin/core_perl
LD_LIBRARY_PATH=/opt/android-studio/bin:
SHELL=/bin/bash
DISPLAY=:0

Signal Handlers:
SIGSEGV: [libjvm.so+0x995100], sa_mask[0]=0x7ffbfeff, sa_flags=0x10000004
SIGBUS: [libjvm.so+0x995100], sa_mask[0]=0x7ffbfeff, sa_flags=0x10000004
SIGFPE: [libjvm.so+0x7fc350], sa_mask[0]=0x7ffbfeff, sa_flags=0x10000004
SIGPIPE: [libjvm.so+0x7fc350], sa_mask[0]=0x7ffbfeff, sa_flags=0x10000004
SIGXFSZ: [libjvm.so+0x7fc350], sa_mask[0]=0x7ffbfeff, sa_flags=0x10000004
SIGILL: [libjvm.so+0x7fc350], sa_mask[0]=0x7ffbfeff, sa_flags=0x10000004
SIGUSR1: SIG_DFL, sa_mask[0]=0x00000000, sa_flags=0x00000000
SIGUSR2: [libjvm.so+0x7fc1d0], sa_mask[0]=0x00000004, sa_flags=0x10000004
SIGHUP: [libjvm.so+0x7fc360], sa_mask[0]=0x7ffbfeff, sa_flags=0x10000004
SIGINT: [libjvm.so+0x7fc360], sa_mask[0]=0x7ffbfeff, sa_flags=0x10000004
SIGTERM: [libjvm.so+0x7fc360], sa_mask[0]=0x7ffbfeff, sa_flags=0x10000004
SIGQUIT: [libjvm.so+0x7fc360], sa_mask[0]=0x7ffbfeff, sa_flags=0x10000004
SIGTRAP: SIG_DFL, sa_mask[0]=0x00000000, sa_flags=0x00000000


---------------  S Y S T E M  ---------------

OS:Linux
uname:Linux 4.2.5-1-ARCH #1 SMP PREEMPT Tue Oct 27 08:13:28 CET 2015 x86_64
libc:glibc 2.22 NPTL 2.22 
rlimit: STACK 8192k, CORE 0k, NPROC 31576, NOFILE 4096, AS infinity
load average:2,85 1,89 1,50

/proc/meminfo:
MemTotal:        8089124 kB
MemFree:           53172 kB
MemAvailable:     150704 kB
Buffers:            2108 kB
Cached:           555284 kB
SwapCached:            0 kB
Active:          7283500 kB
Inactive:         415104 kB
Active(anon):    7252508 kB
Inactive(anon):   391184 kB
Active(file):      30992 kB
Inactive(file):    23920 kB
Unevictable:         328 kB
Mlocked:             328 kB
SwapTotal:             0 kB
SwapFree:              0 kB
Dirty:                68 kB
Writeback:             0 kB
AnonPages:       7142388 kB
Mapped:           390200 kB
Shmem:            501576 kB
Slab:             142760 kB
SReclaimable:      84968 kB
SUnreclaim:        57792 kB
KernelStack:       13728 kB
PageTables:        95516 kB
NFS_Unstable:          0 kB
Bounce:                0 kB
WritebackTmp:          0 kB
CommitLimit:     4044560 kB
Committed_AS:   13325160 kB
VmallocTotal:   34359738367 kB
VmallocUsed:      382720 kB
VmallocChunk:   34358947836 kB
HardwareCorrupted:     0 kB
AnonHugePages:   2498560 kB
HugePages_Total:       0
HugePages_Free:        0
HugePages_Rsvd:        0
HugePages_Surp:        0
Hugepagesize:       2048 kB
DirectMap4k:      634496 kB
DirectMap2M:     7663616 kB


CPU:total 4 (2 cores per cpu, 2 threads per core) family 6 model 42 stepping 7, cmov, cx8, fxsr, mmx, sse, sse2, sse3, ssse3, sse4.1, sse4.2, popcnt, avx, ht, tsc, tscinvbit

/proc/cpuinfo:
processor	: 0
vendor_id	: GenuineIntel
cpu family	: 6
model		: 42
model name	: Intel(R) Core(TM) i3-2310M CPU @ 2.10GHz
stepping	: 7
microcode	: 0x15
cpu MHz		: 1245.152
cache size	: 3072 KB
physical id	: 0
siblings	: 4
core id		: 0
cpu cores	: 2
apicid		: 0
initial apicid	: 0
fpu		: yes
fpu_exception	: yes
cpuid level	: 13
wp		: yes
flags		: fpu vme de pse tsc msr pae mce cx8 apic sep mtrr pge mca cmov pat pse36 clflush dts acpi mmx fxsr sse sse2 ss ht tm pbe syscall nx rdtscp lm constant_tsc arch_perfmon pebs bts nopl xtopology nonstop_tsc aperfmperf eagerfpu pni pclmulqdq dtes64 monitor ds_cpl vmx est tm2 ssse3 cx16 xtpr pdcm pcid sse4_1 sse4_2 x2apic popcnt tsc_deadline_timer xsave avx lahf_lm arat epb pln pts dtherm tpr_shadow vnmi flexpriority ept vpid xsaveopt
bugs		:
bogomips	: 4192.35
clflush size	: 64
cache_alignment	: 64
address sizes	: 36 bits physical, 48 bits virtual
power management:

processor	: 1
vendor_id	: GenuineIntel
cpu family	: 6
model		: 42
model name	: Intel(R) Core(TM) i3-2310M CPU @ 2.10GHz
stepping	: 7
microcode	: 0x15
cpu MHz		: 1232.683
cache size	: 3072 KB
physical id	: 0
siblings	: 4
core id		: 0
cpu cores	: 2
apicid		: 1
initial apicid	: 1
fpu		: yes
fpu_exception	: yes
cpuid level	: 13
wp		: yes
flags		: fpu vme de pse tsc msr pae mce cx8 apic sep mtrr pge mca cmov pat pse36 clflush dts acpi mmx fxsr sse sse2 ss ht tm pbe syscall nx rdtscp lm constant_tsc arch_perfmon pebs bts nopl xtopology nonstop_tsc aperfmperf eagerfpu pni pclmulqdq dtes64 monitor ds_cpl vmx est tm2 ssse3 cx16 xtpr pdcm pcid sse4_1 sse4_2 x2apic popcnt tsc_deadline_timer xsave avx lahf_lm arat epb pln pts dtherm tpr_shadow vnmi flexpriority ept vpid xsaveopt
bugs		:
bogomips	: 4192.35
clflush size	: 64
cache_alignment	: 64
address sizes	: 36 bits physical, 48 bits virtual
power management:

processor	: 2
vendor_id	: GenuineIntel
cpu family	: 6
model		: 42
model name	: Intel(R) Core(TM) i3-2310M CPU @ 2.10GHz
stepping	: 7
microcode	: 0x15
cpu MHz		: 1364.343
cache size	: 3072 KB
physical id	: 0
siblings	: 4
core id		: 1
cpu cores	: 2
apicid		: 2
initial apicid	: 2
fpu		: yes
fpu_exception	: yes
cpuid level	: 13
wp		: yes
flags		: fpu vme de pse tsc msr pae mce cx8 apic sep mtrr pge mca cmov pat pse36 clflush dts acpi mmx fxsr sse sse2 ss ht tm pbe syscall nx rdtscp lm constant_tsc arch_perfmon pebs bts nopl xtopology nonstop_tsc aperfmperf eagerfpu pni pclmulqdq dtes64 monitor ds_cpl vmx est tm2 ssse3 cx16 xtpr pdcm pcid sse4_1 sse4_2 x2apic popcnt tsc_deadline_timer xsave avx lahf_lm arat epb pln pts dtherm tpr_shadow vnmi flexpriority ept vpid xsaveopt
bugs		:
bogomips	: 4192.35
clflush size	: 64
cache_alignment	: 64
address sizes	: 36 bits physical, 48 bits virtual
power management:

processor	: 3
vendor_id	: GenuineIntel
cpu family	: 6
model		: 42
model name	: Intel(R) Core(TM) i3-2310M CPU @ 2.10GHz
stepping	: 7
microcode	: 0x15
cpu MHz		: 1069.441
cache size	: 3072 KB
physical id	: 0
siblings	: 4
core id		: 1
cpu cores	: 2
apicid		: 3
initial apicid	: 3
fpu		: yes
fpu_exception	: yes
cpuid level	: 13
wp		: yes
flags		: fpu vme de pse tsc msr pae mce cx8 apic sep mtrr pge mca cmov pat pse36 clflush dts acpi mmx fxsr sse sse2 ss ht tm pbe syscall nx rdtscp lm constant_tsc arch_perfmon pebs bts nopl xtopology nonstop_tsc aperfmperf eagerfpu pni pclmulqdq dtes64 monitor ds_cpl vmx est tm2 ssse3 cx16 xtpr pdcm pcid sse4_1 sse4_2 x2apic popcnt tsc_deadline_timer xsave avx lahf_lm arat epb pln pts dtherm tpr_shadow vnmi flexpriority ept vpid xsaveopt
bugs		:
bogomips	: 4192.35
clflush size	: 64
cache_alignment	: 64
address sizes	: 36 bits physical, 48 bits virtual
power management:



Memory: 4k page, physical 8089124k(53172k free), swap 0k(0k free)

vm_info: OpenJDK 64-Bit Server VM (24.91-b01) for linux-amd64 JRE (1.7.0_91-b01), built on Oct 23 2015 08:17:33 by "builduser" with gcc 5.2.0

time: Sat Feb 27 13:10:50 2016
elapsed time: 7 seconds

